[2016.03.21-20.59.08:456][  0]Log file open, 03/21/16 17:59:08
[2016.03.21-20.59.08:456][  0]LogInit:Display: Running engine for game: LoseOrDie
[2016.03.21-20.59.08:456][  0]LogPlatformFile: Not using cached read wrapper
[2016.03.21-20.59.08:456][  0]LogInit:Display: RandInit(522271991) SRandInit(522271993).
[2016.03.21-20.59.08:456][  0]LogTaskGraph: Started task graph with 4 named threads and 5 total threads.
[2016.03.21-20.59.08:456][  0]LogStats: Stats thread started at 0.444297
[2016.03.21-20.59.08:456][  0]LogInit: Version: 4.10.4-2872498+++depot+UE4-Releases+4.10
[2016.03.21-20.59.08:456][  0]LogInit: API Version: 2758231
[2016.03.21-20.59.08:456][  0]LogInit: Compiled (64-bit): Feb 18 2016 15:47:04
[2016.03.21-20.59.08:456][  0]LogInit: Compiled with Visual C++: 19.00.23026.00
[2016.03.21-20.59.08:456][  0]LogInit: Build Configuration: Development
[2016.03.21-20.59.08:456][  0]LogInit: Branch Name: ++depot+UE4-Releases+4.10
[2016.03.21-20.59.08:456][  0]LogInit: Command line:  
[2016.03.21-20.59.08:456][  0]LogInit: Base directory: C:/Program Files/Epic Games/4.10/Engine/Binaries/Win64/
[2016.03.21-20.59.08:456][  0]LogInit: Rocket: 1
[2016.03.21-20.59.08:574][  0]LogInit: Using libcurl 7.41.0
[2016.03.21-20.59.08:574][  0]LogInit:  - built for x86_64-pc-win32
[2016.03.21-20.59.08:574][  0]LogInit:  - supports SSL with WinSSL
[2016.03.21-20.59.08:574][  0]LogInit:  - other features:
[2016.03.21-20.59.08:574][  0]LogInit:      CURL_VERSION_SSL
[2016.03.21-20.59.08:574][  0]LogInit:      CURL_VERSION_IPV6
[2016.03.21-20.59.08:574][  0]LogInit:      CURL_VERSION_ASYNCHDNS
[2016.03.21-20.59.08:574][  0]LogInit:      CURL_VERSION_LARGEFILE
[2016.03.21-20.59.08:574][  0]LogInit:      CURL_VERSION_IDN
[2016.03.21-20.59.08:575][  0]LogInit:  CurlRequestOptions (configurable via config and command line):
[2016.03.21-20.59.08:575][  0]LogInit:  - bVerifyPeer = true  - Libcurl will verify peer certificate
[2016.03.21-20.59.08:575][  0]LogInit:  - bUseHttpProxy = false  - Libcurl will NOT use HTTP proxy
[2016.03.21-20.59.08:575][  0]LogInit:  - bDontReuseConnections = false  - Libcurl will reuse connections
[2016.03.21-20.59.08:575][  0]LogInit:  - CertBundlePath = nullptr  - Libcurl will use whatever was configured at build time.
[2016.03.21-20.59.08:634][  0]LogInit: Presizing for 0 objects not considered by GC, pre-allocating 0 bytes.
[2016.03.21-20.59.08:650][  0]LogInit: Object subsystem initialized
[2016.03.21-20.59.08:668][  0]LogInit: Selected Device Profile: [Windows]
[2016.03.21-20.59.08:668][  0]LogInit: Applying CVar settings loaded from the selected device profile: [Windows]
[2016.03.21-20.59.08:722][  0]LogInit: Computer: RKANEHISA-PC
[2016.03.21-20.59.08:722][  0]LogInit: User: RKanehisa
[2016.03.21-20.59.08:722][  0]LogInit: CPU Page size=4096, Cores=2
[2016.03.21-20.59.08:722][  0]LogInit: High frequency timer resolution =1.753769 MHz
[2016.03.21-20.59.08:722][  0]LogMemory: Memory total: Physical=7.9GB (8GB approx)
[2016.03.21-20.59.08:723][  0]LogMemory: Platform Memory Stats for Windows
[2016.03.21-20.59.08:723][  0]LogMemory: Process Physical Memory: 56.81 MB used, 56.81 MB peak
[2016.03.21-20.59.08:723][  0]LogMemory: Process Virtual Memory: 56.94 MB used, 56.94 MB peak
[2016.03.21-20.59.08:723][  0]LogMemory: Physical Memory: 3444.95 MB used, 8096.39 MB total
[2016.03.21-20.59.08:723][  0]LogMemory: Virtual Memory: 347.08 MB used, 8388608.00 MB total
[2016.03.21-20.59.09:881][  0]LogD3D11RHI: Found D3D11 adapter 0: NVIDIA GeForce GT 750M   (Feature Level 11_0)
[2016.03.21-20.59.09:881][  0]LogD3D11RHI: Adapter has 1991MB of dedicated video memory, 0MB of dedicated system memory, and 2048MB of shared system memory, 1 output[s]
[2016.03.21-20.59.09:908][  0]LogD3D11RHI: Found D3D11 adapter 1: NVIDIA GeForce GT 750M   (Feature Level 11_0)
[2016.03.21-20.59.09:909][  0]LogD3D11RHI: Adapter has 1991MB of dedicated video memory, 0MB of dedicated system memory, and 2048MB of shared system memory, 0 output[s]
[2016.03.21-20.59.09:909][  0]LogD3D11RHI: Chosen D3D11 Adapter Id = 0
[2016.03.21-20.59.09:921][  0]LogD3D11RHI: !Direct3DDevice
[2016.03.21-20.59.09:921][  0]LogRHI: Texture pool is 1361 MB (70% of 1945 MB)
[2016.03.21-20.59.09:949][  0]LogD3D11RHI: Async texture creation enabled
[2016.03.21-20.59.09:983][  0]LogShaderCompilers: Guid format shader working directory is -1 characters bigger than the processId version (D:/Home/Documents/Unreal Engine Projects/LoseOrDIE/Intermediate/Shaders/WorkingDirectory/4264/).
[2016.03.21-20.59.09:983][  0]LogShaderCompilers: Cleaned the shader compiler working directory 'C:/Users/RKANEH~1/AppData/Local/Temp/UnrealShaderWorkingDir/5B71E8064560A86E95F541956B4671D7/'.
[2016.03.21-20.59.09:984][  0]LogShaderCompilers:Display: Using Local Shader Compiler.
[2016.03.21-20.59.12:370][  0]LogTemp:Display: Loaded TP AllDesktopTargetPlatform
[2016.03.21-20.59.12:376][  0]LogTemp:Display: Loaded TP WindowsClientTargetPlatform
[2016.03.21-20.59.12:383][  0]LogTemp:Display: Loaded TP WindowsNoEditorTargetPlatform
[2016.03.21-20.59.12:389][  0]LogTemp:Display: Loaded TP WindowsServerTargetPlatform
[2016.03.21-20.59.12:396][  0]LogTemp:Display: Loaded TP WindowsTargetPlatform
[2016.03.21-20.59.12:407][  0]LogTemp:Display: Loaded TP AndroidTargetPlatform
[2016.03.21-20.59.12:414][  0]LogTemp:Display: Loaded TP Android_ASTCTargetPlatform
[2016.03.21-20.59.12:418][  0]LogTemp:Display: Loaded TP Android_ATCTargetPlatform
[2016.03.21-20.59.12:424][  0]LogTemp:Display: Loaded TP Android_DXTTargetPlatform
[2016.03.21-20.59.12:429][  0]LogTemp:Display: Loaded TP Android_ETC1TargetPlatform
[2016.03.21-20.59.12:434][  0]LogTemp:Display: Loaded TP Android_ETC2TargetPlatform
[2016.03.21-20.59.12:446][  0]LogTemp:Display: Loaded TP Android_MultiTargetPlatform
[2016.03.21-20.59.12:446][  0]LogTemp:Display: Loaded TP Android_PVRTCTargetPlatform
[2016.03.21-20.59.12:446][  0]LogTemp:Display: Loaded TP HTML5TargetPlatform
[2016.03.21-20.59.12:492][  0]LogTemp:Display: Loaded TP IOSTargetPlatform
[2016.03.21-20.59.12:497][  0]LogTemp:Display: Loaded TP LinuxNoEditorTargetPlatform
[2016.03.21-20.59.12:502][  0]LogTemp:Display: Loaded TP LinuxServerTargetPlatform
[2016.03.21-20.59.12:508][  0]LogTemp:Display: Loaded TP LinuxTargetPlatform
[2016.03.21-20.59.12:509][  0]LogTargetPlatformManager:Display: Building Assets For Windows
[2016.03.21-20.59.12:862][  0]LogDerivedDataCache:Display: Max Cache Size: 512 MB
[2016.03.21-20.59.13:030][  0]LogDerivedDataCache: Loaded boot cache 0.17s 41MB C:/Users/RKanehisa/AppData/Local/UnrealEngine/4.10/DerivedDataCache/Boot.ddc.
[2016.03.21-20.59.13:030][  0]LogDerivedDataCache:Display: Loaded Boot cache: C:/Users/RKanehisa/AppData/Local/UnrealEngine/4.10/DerivedDataCache/Boot.ddc
[2016.03.21-20.59.13:031][  0]LogDerivedDataCache: FDerivedDataBackendGraph:  Pak pak cache file D:/Home/Documents/Unreal Engine Projects/LoseOrDIE/DerivedDataCache/DDC.ddp not found, will not use a pak cache.
[2016.03.21-20.59.13:031][  0]LogDerivedDataCache: Unable to find inner node Pak for hierarchical cache Hierarchy.
[2016.03.21-20.59.13:031][  0]LogDerivedDataCache: FDerivedDataBackendGraph:  CompressedPak pak cache file D:/Home/Documents/Unreal Engine Projects/LoseOrDIE/DerivedDataCache/Compressed.ddp not found, will not use a pak cache.
[2016.03.21-20.59.13:031][  0]LogDerivedDataCache: Unable to find inner node CompressedPak for hierarchical cache Hierarchy.
[2016.03.21-20.59.13:118][  0]LogDerivedDataCache:Display: Pak cache opened for reading ../../../Engine/DerivedDataCache/Compressed.ddp.
[2016.03.21-20.59.13:132][  0]LogDerivedDataCache: Using Local data cache path C:/Users/RKanehisa/AppData/Local/UnrealEngine/Common/DerivedDataCache: Writable
[2016.03.21-20.59.16:603][  0]LogInit: Selected Device Profile: [Windows]
[2016.03.21-20.59.16:605][  0]LogContentStreaming: Texture pool size is 0.000000MB
[2016.03.21-20.59.16:718][  0]LogMeshUtilities: No automatic mesh reduction module available
[2016.03.21-20.59.16:718][  0]LogMeshUtilities: No automatic mesh merging module available
[2016.03.21-20.59.17:621][  0]LogInit: WinSock: version 1.1 (2.2), MaxSocks=32767, MaxUdp=65467
[2016.03.21-20.59.20:677][  0]UdpMessaging: Initializing bridge on interface 0.0.0.0:0 to multicast group 230.0.0.1:6666.
[2016.03.21-20.59.20:833][  0]LogAssetRegistry: FAssetRegistry took 0.0117 seconds to start up
[2016.03.21-20.59.21:245][  0]SourceControl: Info Source control is disabled
[2016.03.21-20.59.21:315][  0]SourceControl: Info Source control is disabled
[2016.03.21-20.59.21:333][  0]SourceControl: Info Source control is disabled
[2016.03.21-20.59.21:350][  0]SourceControl: Info Source control is disabled
[2016.03.21-20.59.21:907][  0]LogObj: 28633 objects as part of root set at end of initial load.
[2016.03.21-20.59.21:907][  0]LogUObjectAllocator: 6099752 out of 0 bytes used by permanent object pool.
[2016.03.21-20.59.22:142][  0]LogEngine: Initializing Engine...
[2016.03.21-20.59.22:147][  0]LogHMD: Can't find Oculus library dev build: is proper Runtime installed? Version: 0.8.0.0
[2016.03.21-20.59.22:173][  0]LogHMD: SteamVR failed to initialize.  Err: 110
[2016.03.21-20.59.22:547][  0]LogAIModule: Creating AISystem for world NewWorld
[2016.03.21-20.59.22:580][  0]LogInit: XAudio2 using 'Speakers (Realtek High Definition Audio)' : 2 channels at 48 kHz using 32 bits per sample (channel mask 0x3)
[2016.03.21-20.59.22:742][  0]LogInit: FAudioDevice initialized.
[2016.03.21-20.59.22:772][  0]LogDerivedDataCache: Saved boot cache 0.03s 41MB C:/Users/RKanehisa/AppData/Local/UnrealEngine/4.10/DerivedDataCache/Boot.ddc.
[2016.03.21-20.59.22:778][  0]LogInit: Texture streaming: Enabled
[2016.03.21-20.59.22:795][  0]LogAnalytics: Creating configured Analytics provider AnalyticsET
[2016.03.21-20.59.22:796][  0]LogAnalytics: [UEEditor.Rocket.Release] APIServer = http://et2.epicgames.com/ET2/. AppVersion = 4.10.4-2872498+++depot+UE4-Releases+4.10
[2016.03.21-20.59.22:796][  0]LogAnalytics: [UEEditor.Rocket.Release] SetUserId ca1deb15400509ddc561bb9d1b5be1b1|6114d1f106a54a3d811d8c702af87130|2cedf5d9-e291-4250-b47b-9bcc1a9990db
[2016.03.21-20.59.22:796][  0]LogAnalytics: [UEEditor.Rocket.Release] AnalyticsET::StartSession
[2016.03.21-20.59.22:812][  0]LogInit: Transaction tracking system initialized
[2016.03.21-20.59.22:873][  0]BlueprintLog: New page: Editor Load
[2016.03.21-20.59.23:065][  0]LocalizationService: Info Localization service is disabled
[2016.03.21-20.59.23:225][  0]LogConsoleResponse:Display: 
[2016.03.21-20.59.23:799][  0]LogCook:Display: Done creating registry. It took  0.00s.
[2016.03.21-20.59.23:980][  0]LogFileCache: Scanning file cache for directory 'D:/Home/Documents/Unreal Engine Projects/LoseOrDIE/Content/' took 0.02s
[2016.03.21-20.59.23:980][  0]SourceControl: Info Source control is disabled
[2016.03.21-20.59.23:982][  0]Cmd: MAP LOAD FILE="D:/Home/Documents/Unreal Engine Projects/LoseOrDIE/Content/ThirdPersonBP/Maps/ThirdPersonExampleMap.umap" TEMPLATE=0 SHOWPROGRESS=1 FEATURELEVEL=3
[2016.03.21-20.59.23:983][  0]LightingResults: New page: Lighting Build
[2016.03.21-20.59.23:994][  0]MapCheck: New page: Map Check
[2016.03.21-20.59.23:994][  0]LightingResults: New page: Lighting Build
[2016.03.21-20.59.24:023][  0]LogParticles: Destroying 0 GPU particle simulations for FXSystem 0x0000000024D4B420
[2016.03.21-20.59.26:973][  0]LogTexture:Display: Building textures: Car_Normals (AutoDXT)
[2016.03.21-20.59.27:504][  0]LogTexture:Display: Building textures: Car_NormalsInverse (AutoDXT)
[2016.03.21-20.59.27:914][  0]LogMaterial: Missing cached shader map for material Metal, compiling. 
[2016.03.21-20.59.27:955][  0]LogStaticMesh: Building static mesh FloatingCar...
[2016.03.21-20.59.28:039][  0]LogStaticMesh: Built static mesh [0.084927.2s] /Game/MyAssets/Meshes/FloatingCar.FloatingCar
[2016.03.21-20.59.28:510][  0]LogMaterial: Missing cached shader map for material M_Rock, compiling. 
[2016.03.21-20.59.28:806][  0]LogStaticMesh: Building static mesh FloatingDecoration1...
[2016.03.21-20.59.28:877][  0]LogStaticMesh: Built static mesh [0.070988.2s] /Game/MyAssets/Meshes/FloatingDecoration1.FloatingDecoration1
[2016.03.21-20.59.29:653][  0]LogTexture:Display: Building textures: FloatingDecoration1_normals (AutoDXT)
[2016.03.21-20.59.31:122][  0]LogTexture:Display: Building textures: FloatingDecoration1_AO (AutoDXT)
[2016.03.21-20.59.35:025][  0]LogMaterial: Missing cached shader map for material Decoration1_material, compiling. 
[2016.03.21-20.59.35:043][  0]LogAIModule: Creating AISystem for world ThirdPersonExampleMap
[2016.03.21-20.59.35:544][  0]LogEditorServer: Finished looking for orphan Actors (0.000 secs)
[2016.03.21-20.59.35:637][  0]Cmd: MAP CHECKDEP NOCLEARLOG
[2016.03.21-20.59.35:784][  0]MapCheck: Info Map check complete: 0 Error(s), 0 Warning(s), took 147.42ms to complete.
[2016.03.21-20.59.35:784][  0]LogFileHelpers: Loading map 'ThirdPersonExampleMap' took 11.815
[2016.03.21-20.59.37:891][  0]LogCollectionManager: Loaded 0 collections in 0.003783 seconds
[2016.03.21-20.59.38:566][  0]LogFileCache: Scanning file cache for directory 'D:/Home/Documents/Unreal Engine Projects/LoseOrDIE/Saved/Collections/' took 0.03s
[2016.03.21-20.59.38:566][  0]LogFileCache: Scanning file cache for directory 'D:/Home/Documents/Unreal Engine Projects/LoseOrDIE/Content/Developers/RKanehisa/Collections/' took 0.00s
[2016.03.21-20.59.38:566][  0]LogFileCache: Scanning file cache for directory 'D:/Home/Documents/Unreal Engine Projects/LoseOrDIE/Content/Collections/' took 0.00s
[2016.03.21-20.59.38:566][  0]LogCollectionManager: Rebuilt the GUID cache for 0 collections in 0.000010 seconds
[2016.03.21-20.59.38:769][  0]LogContentBrowser: Native class hierarchy populated in 0.1477 seconds. Added 1893 classes and 338 folders.
[2016.03.21-20.59.38:952][  0]LogContentBrowser: Native class hierarchy updated for 'WidgetCarousel' in 0.0005 seconds. Added 0 classes and 0 folders.
[2016.03.21-20.59.39:448][  0]LogContentBrowser: Native class hierarchy updated for 'AddContentDialog' in 0.0005 seconds. Added 0 classes and 0 folders.
[2016.03.21-20.59.39:458][  0]LogContentBrowser: Native class hierarchy updated for 'SceneOutliner' in 0.0007 seconds. Added 1 classes and 2 folders.
[2016.03.21-20.59.39:611][  0]LogCrashTracker: Crashtracker disabled due to settings.
[2016.03.21-20.59.39:629][  0]LogUObjectGlobals:Warning: Failed to find object 'Class None.'
[2016.03.21-20.59.39:655][  0]LogLoad: Full Startup: 33.60 seconds (BP compile: 0.86 seconds)
[2016.03.21-20.59.39:997][  0]LogOcInput: Can't find Oculus library dev build: is proper Runtime installed? Version: 0.8.0.0
[2016.03.21-20.59.40:133][  0]LogContentStreaming: Texture pool size now 700 MB
[2016.03.21-20.59.40:291][  0]LogRenderer: Reallocating scene render targets to support 856x368 (Frame:2).
[2016.03.21-20.59.40:370][  1]LogFileCache: Retrieving MD5 hashes for directory 'D:/Home/Documents/Unreal Engine Projects/LoseOrDIE/Content/' took 0.36s
[2016.03.21-20.59.43:709][ 11]LogAssetRegistry: Asset discovery search completed in 22.9053 seconds
[2016.03.21-20.59.43:711][ 11]LogCollectionManager: Rebuilt the object cache for 0 collections in 0.000001 seconds (found 0 objects)
[2016.03.21-20.59.43:711][ 11]LogCollectionManager: Fixed up redirectors for 0 collections in 0.000345 seconds (updated 0 objects)
[2016.03.21-20.59.49:080][137]LogBlueprintUserMessages: Early PlayInEditor Detection: Level '/Game/ThirdPersonBP/Maps/ThirdPersonExampleMap.ThirdPersonExampleMap:PersistentLevel' has LevelScriptBlueprint '/Game/ThirdPersonBP/Maps/ThirdPersonExampleMap.ThirdPersonExampleMap:PersistentLevel.ThirdPersonExampleMap' with GeneratedClass '/Game/ThirdPersonBP/Maps/ThirdPersonExampleMap.ThirdPersonExampleMap_C' with ClassGeneratedBy '/Game/ThirdPersonBP/Maps/ThirdPersonExampleMap.ThirdPersonExampleMap:PersistentLevel.ThirdPersonExampleMap'
[2016.03.21-20.59.49:080][137]LogPlayLevel: PlayLevel: No blueprints needed recompiling
[2016.03.21-20.59.49:081][137]PIE: New page: PIE session: ThirdPersonExampleMap (Mar 21, 2016, 2:59:49 PM)
[2016.03.21-20.59.49:082][137]LogPlayLevel: Creating play world package: /Game/ThirdPersonBP/Maps/UEDPIE_0_ThirdPersonExampleMap
[2016.03.21-20.59.49:116][137]LogPlayLevel: PIE: StaticDuplicateObject took: (0.034755s)
[2016.03.21-20.59.49:117][137]LogAIModule: Creating AISystem for world ThirdPersonExampleMap
[2016.03.21-20.59.49:117][137]LogPlayLevel: PIE: World Init took: (0.000948s)
[2016.03.21-20.59.49:118][137]LogPlayLevel: PIE: Created PIE world by copying editor world from /Game/ThirdPersonBP/Maps/ThirdPersonExampleMap.ThirdPersonExampleMap to /Game/ThirdPersonBP/Maps/UEDPIE_0_ThirdPersonExampleMap.ThirdPersonExampleMap (0.036239s)
[2016.03.21-20.59.49:118][137]LogActorComponent: UnregisterComponent: (/Engine/Transient.RotatingMovement_GEN_VARIABLE) Not registered. Aborting.
[2016.03.21-20.59.49:118][137]LogActorComponent: UnregisterComponent: (/Engine/Transient.CharMoveComp) Not registered. Aborting.
[2016.03.21-20.59.49:216][137]LogInit: XAudio2 using 'Speakers (Realtek High Definition Audio)' : 2 channels at 48 kHz using 32 bits per sample (channel mask 0x3)
[2016.03.21-20.59.49:230][137]LogInit: FAudioDevice initialized.
[2016.03.21-20.59.49:279][137]LogWorld: Game class is 'RunGameMode_C'
[2016.03.21-20.59.49:283][137]LogWorld: Bringing World /Game/ThirdPersonBP/Maps/UEDPIE_0_ThirdPersonExampleMap.ThirdPersonExampleMap up for play (max tick rate 0) at 2016.03.21-17.59.49
[2016.03.21-20.59.49:283][137]LogActor:Warning: GameSession /Game/ThirdPersonBP/Maps/UEDPIE_0_ThirdPersonExampleMap.ThirdPersonExampleMap:PersistentLevel.GameSession_0 has natively added scene component(s), but none of them were set as the actor's RootComponent - picking one arbitrarily
[2016.03.21-20.59.49:284][137]LogActor:Warning: GameNetworkManager /Game/ThirdPersonBP/Maps/UEDPIE_0_ThirdPersonExampleMap.ThirdPersonExampleMap:PersistentLevel.GameNetworkManager_0 has natively added scene component(s), but none of them were set as the actor's RootComponent - picking one arbitrarily
[2016.03.21-20.59.49:285][137]LogWorld: Bringing up level for play took: 0.003695
[2016.03.21-20.59.49:307][137]PIE: Info Play in editor start time for /Game/ThirdPersonBP/Maps/UEDPIE_0_ThirdPersonExampleMap 0.637
[2016.03.21-20.59.49:307][137]LogBlueprintUserMessages: Late PlayInEditor Detection: Level '/Game/ThirdPersonBP/Maps/ThirdPersonExampleMap.ThirdPersonExampleMap:PersistentLevel' has LevelScriptBlueprint '/Game/ThirdPersonBP/Maps/ThirdPersonExampleMap.ThirdPersonExampleMap:PersistentLevel.ThirdPersonExampleMap' with GeneratedClass '/Game/ThirdPersonBP/Maps/ThirdPersonExampleMap.ThirdPersonExampleMap_C' with ClassGeneratedBy '/Game/ThirdPersonBP/Maps/ThirdPersonExampleMap.ThirdPersonExampleMap:PersistentLevel.ThirdPersonExampleMap'
[2016.03.21-21.01.39:922][174]LogBlueprintUserMessages: Early EndPlayMap Detection: Level '/Game/ThirdPersonBP/Maps/ThirdPersonExampleMap.ThirdPersonExampleMap:PersistentLevel' has LevelScriptBlueprint '/Game/ThirdPersonBP/Maps/ThirdPersonExampleMap.ThirdPersonExampleMap:PersistentLevel.ThirdPersonExampleMap' with GeneratedClass '/Game/ThirdPersonBP/Maps/ThirdPersonExampleMap.ThirdPersonExampleMap_C' with ClassGeneratedBy '/Game/ThirdPersonBP/Maps/ThirdPersonExampleMap.ThirdPersonExampleMap:PersistentLevel.ThirdPersonExampleMap'
[2016.03.21-21.01.39:958][174]LogBlueprintUserMessages: Late EndPlayMap Detection: Level '/Game/ThirdPersonBP/Maps/ThirdPersonExampleMap.ThirdPersonExampleMap:PersistentLevel' has LevelScriptBlueprint '/Game/ThirdPersonBP/Maps/ThirdPersonExampleMap.ThirdPersonExampleMap:PersistentLevel.ThirdPersonExampleMap' with GeneratedClass '/Game/ThirdPersonBP/Maps/ThirdPersonExampleMap.ThirdPersonExampleMap_C' with ClassGeneratedBy '/Game/ThirdPersonBP/Maps/ThirdPersonExampleMap.ThirdPersonExampleMap:PersistentLevel.ThirdPersonExampleMap'
[2016.03.21-21.01.39:991][174]LogParticles: Destroying 0 GPU particle simulations for FXSystem 0x0000000036DAA3E0
[2016.03.21-21.05.49:379][499]LogHttp:Warning: Timeout processing Http request. 000000002132FA00
[2016.03.21-21.05.54:594][514]LogRenderer: Reallocating scene render targets to support 856x396 (Frame:8389).
[2016.03.21-21.06.04:942][649]LogBlueprintUserMessages: Early PlayInEditor Detection: Level '/Game/ThirdPersonBP/Maps/ThirdPersonExampleMap.ThirdPersonExampleMap:PersistentLevel' has LevelScriptBlueprint '/Game/ThirdPersonBP/Maps/ThirdPersonExampleMap.ThirdPersonExampleMap:PersistentLevel.ThirdPersonExampleMap' with GeneratedClass '/Game/ThirdPersonBP/Maps/ThirdPersonExampleMap.ThirdPersonExampleMap_C' with ClassGeneratedBy '/Game/ThirdPersonBP/Maps/ThirdPersonExampleMap.ThirdPersonExampleMap:PersistentLevel.ThirdPersonExampleMap'
[2016.03.21-21.06.04:942][649]LogPlayLevel: PlayLevel: No blueprints needed recompiling
[2016.03.21-21.06.04:942][649]PIE: New page: PIE session: ThirdPersonExampleMap (Mar 21, 2016, 3:06:04 PM)
[2016.03.21-21.06.04:942][649]LogPlayLevel: Creating play world package: /Game/ThirdPersonBP/Maps/UEDPIE_0_ThirdPersonExampleMap
[2016.03.21-21.06.04:970][649]LogPlayLevel: PIE: StaticDuplicateObject took: (0.027567s)
[2016.03.21-21.06.04:973][649]LogAIModule: Creating AISystem for world ThirdPersonExampleMap
[2016.03.21-21.06.04:973][649]LogPlayLevel: PIE: World Init took: (0.003146s)
[2016.03.21-21.06.04:974][649]LogPlayLevel: PIE: Created PIE world by copying editor world from /Game/ThirdPersonBP/Maps/ThirdPersonExampleMap.ThirdPersonExampleMap to /Game/ThirdPersonBP/Maps/UEDPIE_0_ThirdPersonExampleMap.ThirdPersonExampleMap (0.031110s)
[2016.03.21-21.06.04:974][649]LogActorComponent: UnregisterComponent: (/Engine/Transient.CharMoveComp) Not registered. Aborting.
[2016.03.21-21.06.05:026][649]LogInit: XAudio2 using 'Speakers (Realtek High Definition Audio)' : 2 channels at 48 kHz using 32 bits per sample (channel mask 0x3)
[2016.03.21-21.06.05:040][649]LogInit: FAudioDevice initialized.
[2016.03.21-21.06.05:077][649]LogWorld: Game class is 'RunGameMode_C'
[2016.03.21-21.06.05:082][649]LogWorld: Bringing World /Game/ThirdPersonBP/Maps/UEDPIE_0_ThirdPersonExampleMap.ThirdPersonExampleMap up for play (max tick rate 0) at 2016.03.21-18.06.05
[2016.03.21-21.06.05:082][649]LogActor:Warning: GameSession /Game/ThirdPersonBP/Maps/UEDPIE_0_ThirdPersonExampleMap.ThirdPersonExampleMap:PersistentLevel.GameSession_1 has natively added scene component(s), but none of them were set as the actor's RootComponent - picking one arbitrarily
[2016.03.21-21.06.05:083][649]LogActor:Warning: GameNetworkManager /Game/ThirdPersonBP/Maps/UEDPIE_0_ThirdPersonExampleMap.ThirdPersonExampleMap:PersistentLevel.GameNetworkManager_1 has natively added scene component(s), but none of them were set as the actor's RootComponent - picking one arbitrarily
[2016.03.21-21.06.05:083][649]LogWorld: Bringing up level for play took: 0.004519
[2016.03.21-21.06.05:095][649]PIE: Info Play in editor start time for /Game/ThirdPersonBP/Maps/UEDPIE_0_ThirdPersonExampleMap 0.387
[2016.03.21-21.06.05:096][649]LogBlueprintUserMessages: Late PlayInEditor Detection: Level '/Game/ThirdPersonBP/Maps/ThirdPersonExampleMap.ThirdPersonExampleMap:PersistentLevel' has LevelScriptBlueprint '/Game/ThirdPersonBP/Maps/ThirdPersonExampleMap.ThirdPersonExampleMap:PersistentLevel.ThirdPersonExampleMap' with GeneratedClass '/Game/ThirdPersonBP/Maps/ThirdPersonExampleMap.ThirdPersonExampleMap_C' with ClassGeneratedBy '/Game/ThirdPersonBP/Maps/ThirdPersonExampleMap.ThirdPersonExampleMap:PersistentLevel.ThirdPersonExampleMap'
[2016.03.21-21.06.29:745][449]LogScript:Warning: Cannot access 'BP_TrackCurveLeft15_C_7'. It is pending kill. Property: 'K2Node_DynamicCast_AsBP_Track2'
	RunCharacter_C /Game/ThirdPersonBP/Maps/UEDPIE_0_ThirdPersonExampleMap.ThirdPersonExampleMap:PersistentLevel.RunCharacter_C_0
	Function /Game/ThirdPersonBP/Blueprints/RunCharacter.RunCharacter_C:ExecuteUbergraph_RunCharacter:1026
[2016.03.21-21.06.29:745][449]PIE:Error: Error Cannot access 'BP_TrackCurveLeft15_C_7'. It is pending kill. Property: 'K2Node_DynamicCast_AsBP_Track2' from node Cast To BP_Track in graph 'EventGraph' in blueprint RunCharacter
[2016.03.21-21.06.32:897][687]LogBlueprintUserMessages: Early EndPlayMap Detection: Level '/Game/ThirdPersonBP/Maps/ThirdPersonExampleMap.ThirdPersonExampleMap:PersistentLevel' has LevelScriptBlueprint '/Game/ThirdPersonBP/Maps/ThirdPersonExampleMap.ThirdPersonExampleMap:PersistentLevel.ThirdPersonExampleMap' with GeneratedClass '/Game/ThirdPersonBP/Maps/ThirdPersonExampleMap.ThirdPersonExampleMap_C' with ClassGeneratedBy '/Game/ThirdPersonBP/Maps/ThirdPersonExampleMap.ThirdPersonExampleMap:PersistentLevel.ThirdPersonExampleMap'
[2016.03.21-21.06.32:933][687]LogBlueprintUserMessages: Late EndPlayMap Detection: Level '/Game/ThirdPersonBP/Maps/ThirdPersonExampleMap.ThirdPersonExampleMap:PersistentLevel' has LevelScriptBlueprint '/Game/ThirdPersonBP/Maps/ThirdPersonExampleMap.ThirdPersonExampleMap:PersistentLevel.ThirdPersonExampleMap' with GeneratedClass '/Game/ThirdPersonBP/Maps/ThirdPersonExampleMap.ThirdPersonExampleMap_C' with ClassGeneratedBy '/Game/ThirdPersonBP/Maps/ThirdPersonExampleMap.ThirdPersonExampleMap:PersistentLevel.ThirdPersonExampleMap'
[2016.03.21-21.06.32:962][687]LogParticles: Destroying 0 GPU particle simulations for FXSystem 0x000000002B931E40
[2016.03.21-21.06.37:027][938]LogBlueprintUserMessages: Early PlayInEditor Detection: Level '/Game/ThirdPersonBP/Maps/ThirdPersonExampleMap.ThirdPersonExampleMap:PersistentLevel' has LevelScriptBlueprint '/Game/ThirdPersonBP/Maps/ThirdPersonExampleMap.ThirdPersonExampleMap:PersistentLevel.ThirdPersonExampleMap' with GeneratedClass '/Game/ThirdPersonBP/Maps/ThirdPersonExampleMap.ThirdPersonExampleMap_C' with ClassGeneratedBy '/Game/ThirdPersonBP/Maps/ThirdPersonExampleMap.ThirdPersonExampleMap:PersistentLevel.ThirdPersonExampleMap'
[2016.03.21-21.06.37:027][938]LogPlayLevel: PlayLevel: No blueprints needed recompiling
[2016.03.21-21.06.37:027][938]PIE: New page: PIE session: ThirdPersonExampleMap (Mar 21, 2016, 3:06:37 PM)
[2016.03.21-21.06.37:027][938]LogPlayLevel: Creating play world package: /Game/ThirdPersonBP/Maps/UEDPIE_0_ThirdPersonExampleMap
[2016.03.21-21.06.37:055][938]LogPlayLevel: PIE: StaticDuplicateObject took: (0.027811s)
[2016.03.21-21.06.37:056][938]LogAIModule: Creating AISystem for world ThirdPersonExampleMap
[2016.03.21-21.06.37:056][938]LogPlayLevel: PIE: World Init took: (0.000881s)
[2016.03.21-21.06.37:056][938]LogPlayLevel: PIE: Created PIE world by copying editor world from /Game/ThirdPersonBP/Maps/ThirdPersonExampleMap.ThirdPersonExampleMap to /Game/ThirdPersonBP/Maps/UEDPIE_0_ThirdPersonExampleMap.ThirdPersonExampleMap (0.028969s)
[2016.03.21-21.06.37:084][938]LogInit: XAudio2 using 'Speakers (Realtek High Definition Audio)' : 2 channels at 48 kHz using 32 bits per sample (channel mask 0x3)
[2016.03.21-21.06.37:098][938]LogInit: FAudioDevice initialized.
[2016.03.21-21.06.37:130][938]LogWorld: Game class is 'RunGameMode_C'
[2016.03.21-21.06.37:133][938]LogWorld: Bringing World /Game/ThirdPersonBP/Maps/UEDPIE_0_ThirdPersonExampleMap.ThirdPersonExampleMap up for play (max tick rate 0) at 2016.03.21-18.06.37
[2016.03.21-21.06.37:133][938]LogActor:Warning: GameSession /Game/ThirdPersonBP/Maps/UEDPIE_0_ThirdPersonExampleMap.ThirdPersonExampleMap:PersistentLevel.GameSession_2 has natively added scene component(s), but none of them were set as the actor's RootComponent - picking one arbitrarily
[2016.03.21-21.06.37:133][938]LogActor:Warning: GameNetworkManager /Game/ThirdPersonBP/Maps/UEDPIE_0_ThirdPersonExampleMap.ThirdPersonExampleMap:PersistentLevel.GameNetworkManager_2 has natively added scene component(s), but none of them were set as the actor's RootComponent - picking one arbitrarily
[2016.03.21-21.06.37:133][938]LogWorld: Bringing up level for play took: 0.002512
[2016.03.21-21.06.37:144][938]PIE: Info Play in editor start time for /Game/ThirdPersonBP/Maps/UEDPIE_0_ThirdPersonExampleMap 0.436
[2016.03.21-21.06.37:144][938]LogBlueprintUserMessages: Late PlayInEditor Detection: Level '/Game/ThirdPersonBP/Maps/ThirdPersonExampleMap.ThirdPersonExampleMap:PersistentLevel' has LevelScriptBlueprint '/Game/ThirdPersonBP/Maps/ThirdPersonExampleMap.ThirdPersonExampleMap:PersistentLevel.ThirdPersonExampleMap' with GeneratedClass '/Game/ThirdPersonBP/Maps/ThirdPersonExampleMap.ThirdPersonExampleMap_C' with ClassGeneratedBy '/Game/ThirdPersonBP/Maps/ThirdPersonExampleMap.ThirdPersonExampleMap:PersistentLevel.ThirdPersonExampleMap'
[2016.03.21-21.07.54:946][579]LogBlueprintUserMessages: Early EndPlayMap Detection: Level '/Game/ThirdPersonBP/Maps/ThirdPersonExampleMap.ThirdPersonExampleMap:PersistentLevel' has LevelScriptBlueprint '/Game/ThirdPersonBP/Maps/ThirdPersonExampleMap.ThirdPersonExampleMap:PersistentLevel.ThirdPersonExampleMap' with GeneratedClass '/Game/ThirdPersonBP/Maps/ThirdPersonExampleMap.ThirdPersonExampleMap_C' with ClassGeneratedBy '/Game/ThirdPersonBP/Maps/ThirdPersonExampleMap.ThirdPersonExampleMap:PersistentLevel.ThirdPersonExampleMap'
[2016.03.21-21.07.54:983][579]LogBlueprintUserMessages: Late EndPlayMap Detection: Level '/Game/ThirdPersonBP/Maps/ThirdPersonExampleMap.ThirdPersonExampleMap:PersistentLevel' has LevelScriptBlueprint '/Game/ThirdPersonBP/Maps/ThirdPersonExampleMap.ThirdPersonExampleMap:PersistentLevel.ThirdPersonExampleMap' with GeneratedClass '/Game/ThirdPersonBP/Maps/ThirdPersonExampleMap.ThirdPersonExampleMap_C' with ClassGeneratedBy '/Game/ThirdPersonBP/Maps/ThirdPersonExampleMap.ThirdPersonExampleMap:PersistentLevel.ThirdPersonExampleMap'
[2016.03.21-21.07.55:027][580]LogParticles: Destroying 0 GPU particle simulations for FXSystem 0x00000000251B3EC0
[2016.03.21-21.07.56:756][678]Cmd: QUIT_EDITOR
[2016.03.21-21.07.56:948][678]LogExit: Preparing to exit.
[2016.03.21-21.07.57:626][678]LogExit: Editor shut down
[2016.03.21-21.07.57:627][678]LogExit: Transaction tracking system shut down
[2016.03.21-21.07.57:633][678]LogParticles: Destroying 0 GPU particle simulations for FXSystem 0x00000000304ABB00
[2016.03.21-21.07.57:633][678]LogParticles: Destroying 0 GPU particle simulations for FXSystem 0x0000000031077880
[2016.03.21-21.07.57:634][678]LogParticles: Destroying 0 GPU particle simulations for FXSystem 0x000000002C2A6D40
[2016.03.21-21.07.57:634][678]LogParticles: Destroying 0 GPU particle simulations for FXSystem 0x00000000374EFC40
[2016.03.21-21.07.57:832][678]LogExit: Object subsystem successfully closed.
[2016.03.21-21.07.57:844][678]LogD3D11RHI: Shutdown
[2016.03.21-21.07.57:844][678]LogD3D11RHI: CleanupD3DDevice
[2016.03.21-21.07.57:931][678]LogD3D11RHI: ~FD3D11DynamicRHI
[2016.03.21-21.07.57:964][678]LogModuleManager: Shutting down and abandoning module CrashTracker (198)
[2016.03.21-21.07.57:964][678]LogModuleManager: Shutting down and abandoning module SceneOutliner (197)
[2016.03.21-21.07.57:964][678]LogModuleManager: Shutting down and abandoning module SuperSearch (196)
[2016.03.21-21.07.57:964][678]LogModuleManager: Shutting down and abandoning module WidgetCarousel (195)
[2016.03.21-21.07.57:964][678]LogModuleManager: Shutting down and abandoning module AddContentDialog (194)
[2016.03.21-21.07.57:966][678]LogModuleManager: Shutting down and abandoning module EditorWidgets (193)
[2016.03.21-21.07.57:966][678]LogModuleManager: Shutting down and abandoning module CollectionManager (192)
[2016.03.21-21.07.57:966][678]LogModuleManager: Shutting down and abandoning module StatsViewer (191)
[2016.03.21-21.07.57:966][678]LogModuleManager: Shutting down and abandoning module FoliageEdit (190)
[2016.03.21-21.07.57:966][678]LogModuleManager: Shutting down and abandoning module LandscapeEditor (189)
[2016.03.21-21.07.57:967][678]LogModuleManager: Shutting down and abandoning module ActorPickerMode (188)
[2016.03.21-21.07.57:967][678]LogModuleManager: Shutting down and abandoning module GeometryMode (187)
[2016.03.21-21.07.57:967][678]LogModuleManager: Shutting down and abandoning module TextureAlignMode (186)
[2016.03.21-21.07.57:967][678]LogModuleManager: Shutting down and abandoning module BspMode (185)
[2016.03.21-21.07.57:967][678]LogModuleManager: Shutting down and abandoning module PlacementMode (184)
[2016.03.21-21.07.57:967][678]LogModuleManager: Shutting down and abandoning module AutomationWorker (183)
[2016.03.21-21.07.57:967][678]LogModuleManager: Shutting down and abandoning module CharacterAI (182)
[2016.03.21-21.07.57:967][678]LogModuleManager: Shutting down and abandoning module SmartSnapping (181)
[2016.03.21-21.07.57:967][678]LogModuleManager: Shutting down and abandoning module ViewportSnapping (180)
[2016.03.21-21.07.57:967][678]LogModuleManager: Shutting down and abandoning module LogVisualizer (179)
[2016.03.21-21.07.57:967][678]LogModuleManager: Shutting down and abandoning module GameProjectGeneration (178)
[2016.03.21-21.07.57:968][678]LogModuleManager: Shutting down and abandoning module IntroTutorials (177)
[2016.03.21-21.07.57:968][678]LogModuleManager: Shutting down and abandoning module EditorLiveStreaming (176)
[2016.03.21-21.07.57:968][678]LogModuleManager: Shutting down and abandoning module IOSPlatformEditor (175)
[2016.03.21-21.07.57:968][678]LogModuleManager: Shutting down and abandoning module HTML5PlatformEditor (174)
[2016.03.21-21.07.57:968][678]LogModuleManager: Shutting down and abandoning module AndroidDeviceDetection (173)
[2016.03.21-21.07.58:576][678]LogModuleManager: Shutting down and abandoning module AndroidPlatformEditor (172)
[2016.03.21-21.07.58:576][678]LogModuleManager: Shutting down and abandoning module IOSRuntimeSettings (171)
[2016.03.21-21.07.58:576][678]LogModuleManager: Shutting down and abandoning module AndroidRuntimeSettings (170)
[2016.03.21-21.07.58:576][678]LogModuleManager: Shutting down and abandoning module MergeActors (169)
[2016.03.21-21.07.58:576][678]LogModuleManager: Shutting down and abandoning module SizeMap (168)
[2016.03.21-21.07.58:576][678]LogModuleManager: Shutting down and abandoning module TreeMap (167)
[2016.03.21-21.07.58:576][678]LogModuleManager: Shutting down and abandoning module ReferenceViewer (166)
[2016.03.21-21.07.58:576][678]LogModuleManager: Shutting down and abandoning module LocalizationService (165)
[2016.03.21-21.07.58:576][678]LogModuleManager: Shutting down and abandoning module LocalizationDashboard (164)
[2016.03.21-21.07.58:578][678]LogModuleManager: Shutting down and abandoning module HardwareTargeting (163)
[2016.03.21-21.07.58:578][678]LogModuleManager: Shutting down and abandoning module DeviceProfileEditor (162)
[2016.03.21-21.07.58:578][678]LogModuleManager: Shutting down and abandoning module UndoHistory (161)
[2016.03.21-21.07.58:578][678]LogModuleManager: Shutting down and abandoning module GameplayTagsEditor (160)
[2016.03.21-21.07.58:579][678]LogModuleManager: Shutting down and abandoning module UserFeedback (159)
[2016.03.21-21.07.58:579][678]LogModuleManager: Shutting down and abandoning module XmlParser (158)
[2016.03.21-21.07.58:579][678]LogModuleManager: Shutting down and abandoning module Blutility (157)
[2016.03.21-21.07.58:579][678]LogModuleManager: Shutting down and abandoning module ProjectTargetPlatformEditor (156)
[2016.03.21-21.07.58:579][678]LogModuleManager: Shutting down and abandoning module ProjectSettingsViewer (155)
[2016.03.21-21.07.58:579][678]LogModuleManager: Shutting down and abandoning module InputBindingEditor (154)
[2016.03.21-21.07.58:579][678]LogModuleManager: Shutting down and abandoning module EditorSettingsViewer (153)
[2016.03.21-21.07.58:579][678]LogModuleManager: Shutting down and abandoning module SettingsEditor (152)
[2016.03.21-21.07.58:579][678]LogModuleManager: Shutting down and abandoning module ProjectLauncher (151)
[2016.03.21-21.07.58:580][678]LogModuleManager: Shutting down and abandoning module SessionFrontend (150)
[2016.03.21-21.07.58:580][678]LogModuleManager: Shutting down and abandoning module ProfilerClient (149)
[2016.03.21-21.07.58:581][678]LogModuleManager: Shutting down and abandoning module TargetDeviceServices (148)
[2016.03.21-21.07.58:581][678]LogModuleManager: Shutting down and abandoning module DeviceManager (147)
[2016.03.21-21.07.58:581][678]LogModuleManager: Shutting down and abandoning module AutomationController (146)
[2016.03.21-21.07.58:581][678]LogModuleManager: Shutting down and abandoning module AutomationWindow (145)
[2016.03.21-21.07.58:581][678]LogModuleManager: Shutting down and abandoning module Layers (144)
[2016.03.21-21.07.58:582][678]LogModuleManager: Shutting down and abandoning module ComponentVisualizers (143)
[2016.03.21-21.07.58:582][678]LogModuleManager: Shutting down and abandoning module DetailCustomizations (142)
[2016.03.21-21.07.58:582][678]LogModuleManager: Shutting down and abandoning module PackagesDialog (141)
[2016.03.21-21.07.58:582][678]LogModuleManager: Shutting down and abandoning module Persona (140)
[2016.03.21-21.07.58:583][678]LogModuleManager: Shutting down and abandoning module Kismet (139)
[2016.03.21-21.07.58:583][678]LogModuleManager: Shutting down and abandoning module GraphEditor (138)
[2016.03.21-21.07.58:585][678]LogModuleManager: Shutting down and abandoning module ClassViewer (137)
[2016.03.21-21.07.58:585][678]LogModuleManager: Shutting down and abandoning module Toolbox (136)
[2016.03.21-21.07.58:585][678]LogModuleManager: Shutting down and abandoning module ModuleUI (135)
[2016.03.21-21.07.58:586][678]LogModuleManager: Shutting down and abandoning module MovieSceneTools (134)
[2016.03.21-21.07.58:586][678]LogModuleManager: Shutting down and abandoning module OutputLog (133)
[2016.03.21-21.07.58:586][678]LogModuleManager: Shutting down and abandoning module GammaUI (132)
[2016.03.21-21.07.58:587][678]LogModuleManager: Shutting down and abandoning module Documentation (131)
[2016.03.21-21.07.58:587][678]LogModuleManager: Shutting down and abandoning module GameLiveStreaming (130)
[2016.03.21-21.07.58:587][678]LogModuleManager: Shutting down and abandoning module StreamingPauseRendering (129)
[2016.03.21-21.07.58:587][678]LogModuleManager: Shutting down and abandoning module AnalyticsET (128)
[2016.03.21-21.07.58:587][678]LogModuleManager: Shutting down and abandoning module Analytics (127)
[2016.03.21-21.07.58:587][678]LogModuleManager: Shutting down and abandoning module AITestSuite (126)
[2016.03.21-21.07.58:587][678]LogModuleManager: Shutting down and abandoning module GameplayDebugger (125)
[2016.03.21-21.07.58:587][678]LogModuleManager: Shutting down and abandoning module AIModule (124)
[2016.03.21-21.07.58:587][678]LogModuleManager: Shutting down and abandoning module ProfilerService (123)
[2016.03.21-21.07.58:635][678]LogModuleManager: Shutting down and abandoning module TaskGraph (122)
[2016.03.21-21.07.58:635][678]LogModuleManager: Shutting down and abandoning module SlateRemote (121)
[2016.03.21-21.07.58:635][678]LogModuleManager: Shutting down and abandoning module SteamVRController (120)
[2016.03.21-21.07.58:635][678]LogModuleManager: Shutting down and abandoning module SteamVR (119)
[2016.03.21-21.07.58:635][678]LogModuleManager: Shutting down and abandoning module ProceduralMeshComponent (118)
[2016.03.21-21.07.58:635][678]LogModuleManager: Shutting down and abandoning module OculusLibrary (117)
[2016.03.21-21.07.58:635][678]LogModuleManager: Shutting down and abandoning module OculusInput (116)
[2016.03.21-21.07.58:635][678]LogModuleManager: Shutting down and abandoning module LeapMotionController (115)
[2016.03.21-21.07.58:644][678]LogModuleManager: Shutting down and abandoning module CustomMeshComponent (114)
[2016.03.21-21.07.58:644][678]LogModuleManager: Shutting down and abandoning module CableComponent (113)
[2016.03.21-21.07.58:644][678]LogModuleManager: Shutting down and abandoning module ArchVisCharacter (112)
[2016.03.21-21.07.58:644][678]LogModuleManager: Shutting down and abandoning module MessagingDebugger (111)
[2016.03.21-21.07.58:645][678]LogModuleManager: Shutting down and abandoning module MediaPlayerEditor (110)
[2016.03.21-21.07.58:645][678]LogModuleManager: Shutting down and abandoning module HTML5Networking (109)
[2016.03.21-21.07.58:645][678]LogModuleManager: Shutting down and abandoning module SpeedTreeImporter (108)
[2016.03.21-21.07.58:645][678]LogModuleManager: Shutting down and abandoning module PluginBrowser (107)
[2016.03.21-21.07.58:646][678]LogModuleManager: Shutting down and abandoning module EpicSurvey (106)
[2016.03.21-21.07.58:646][678]LogModuleManager: Shutting down and abandoning module DesktopPlatform (105)
[2016.03.21-21.07.58:646][678]LogModuleManager: Shutting down and abandoning module VisualStudioSourceCodeAccess (104)
[2016.03.21-21.07.58:646][678]LogModuleManager: Shutting down and abandoning module UObjectPlugin (103)
[2016.03.21-21.07.58:646][678]LogModuleManager: Shutting down and abandoning module SubversionSourceControl (102)
[2016.03.21-21.07.58:646][678]LogModuleManager: Shutting down and abandoning module PerforceSourceControl (101)
[2016.03.21-21.07.58:646][678]LogModuleManager: Shutting down and abandoning module SourceControl (100)
[2016.03.21-21.07.58:646][678]LogModuleManager: Shutting down and abandoning module GitSourceControl (99)
[2016.03.21-21.07.58:646][678]LogModuleManager: Shutting down and abandoning module LightPropagationVolumeEditor (98)
[2016.03.21-21.07.58:646][678]LogModuleManager: Shutting down and abandoning module PaperTiledImporter (97)
[2016.03.21-21.07.58:646][678]LogModuleManager: Shutting down and abandoning module PaperSpriteSheetImporter (96)
[2016.03.21-21.07.58:646][678]LogModuleManager: Shutting down and abandoning module MeshPaint (95)
[2016.03.21-21.07.58:646][678]LogModuleManager: Shutting down and abandoning module SlateReflector (94)
[2016.03.21-21.07.58:647][678]LogModuleManager: Shutting down and abandoning module HotReload (93)
[2016.03.21-21.07.58:647][678]LogModuleManager: Shutting down and abandoning module MainFrame (92)
[2016.03.21-21.07.58:647][678]LogModuleManager: Shutting down and abandoning module LevelEditor (91)
[2016.03.21-21.07.58:648][678]LogModuleManager: Shutting down and abandoning module DirectoryWatcher (90)
[2016.03.21-21.07.58:649][678]LogModuleManager: Shutting down and abandoning module AssetRegistry (89)
[2016.03.21-21.07.58:751][678]LogModuleManager: Shutting down and abandoning module ContentBrowser (88)
[2016.03.21-21.07.58:752][678]LogModuleManager: Shutting down and abandoning module Paper2DEditor (87)
[2016.03.21-21.07.58:754][678]LogModuleManager: Shutting down and abandoning module UdpMessaging (86)
[2016.03.21-21.07.58:854][678]LogModuleManager: Shutting down and abandoning module LightPropagationVolumeRuntime (85)
[2016.03.21-21.07.58:854][678]LogModuleManager: Shutting down and abandoning module Paper2D (84)
[2016.03.21-21.07.58:854][678]LogModuleManager: Shutting down and abandoning module WindowsMoviePlayer (83)
[2016.03.21-21.07.58:863][678]LogModuleManager: Shutting down and abandoning module Media (82)
[2016.03.21-21.07.58:863][678]LogModuleManager: Shutting down and abandoning module WmfMedia (81)
[2016.03.21-21.07.58:866][678]LogModuleManager: Shutting down and abandoning module OnlineBlueprintSupport (80)
[2016.03.21-21.07.58:866][678]LogModuleManager: Shutting down and abandoning module GameplayTasksEditor (79)
[2016.03.21-21.07.58:866][678]LogModuleManager: Shutting down and abandoning module PropertyEditor (78)
[2016.03.21-21.07.58:866][678]LogModuleManager: Shutting down and abandoning module BehaviorTreeEditor (77)
[2016.03.21-21.07.58:867][678]LogModuleManager: Shutting down and abandoning module FunctionalTesting (76)
[2016.03.21-21.07.58:867][678]LogModuleManager: Shutting down and abandoning module CollisionAnalyzer (75)
[2016.03.21-21.07.58:867][678]LogModuleManager: Shutting down and abandoning module WorkspaceMenuStructure (74)
[2016.03.21-21.07.58:867][678]LogModuleManager: Shutting down and abandoning module MessageLog (73)
[2016.03.21-21.07.58:867][678]LogModuleManager: Shutting down and abandoning module Sequencer (72)
[2016.03.21-21.07.58:868][678]LogModuleManager: Shutting down and abandoning module AssetTools (71)
[2016.03.21-21.07.58:869][678]LogModuleManager: Shutting down and abandoning module UMGEditor (70)
[2016.03.21-21.07.58:870][678]LogModuleManager: Shutting down and abandoning module UMG (69)
[2016.03.21-21.07.58:870][678]LogModuleManager: Shutting down and abandoning module Slate (68)
[2016.03.21-21.07.58:870][678]LogModuleManager: Shutting down and abandoning module EditorStyle (67)
[2016.03.21-21.07.58:876][678]LogModuleManager: Shutting down and abandoning module SessionServices (66)
[2016.03.21-21.07.58:876][678]LogModuleManager: Shutting down and abandoning module SourceCodeAccess (65)
[2016.03.21-21.07.58:876][678]LogModuleManager: Shutting down and abandoning module HeadMountedDisplay (64)
[2016.03.21-21.07.58:876][678]LogModuleManager: Shutting down and abandoning module XAudio2 (63)
[2016.03.21-21.07.58:876][678]LogModuleManager: Shutting down and abandoning module Networking (61)
[2016.03.21-21.07.58:876][678]LogModuleManager: Shutting down and abandoning module Core (60)
[2016.03.21-21.07.58:876][678]LogModuleManager: Shutting down and abandoning module KismetCompiler (59)
[2016.03.21-21.07.58:876][678]LogModuleManager: Shutting down and abandoning module PhysXFormats (58)
[2016.03.21-21.07.58:876][678]LogModuleManager: Shutting down and abandoning module MeshUtilities (57)
[2016.03.21-21.07.58:876][678]LogModuleManager: Shutting down and abandoning module DerivedDataCache (56)
[2016.03.21-21.07.58:886][678]LogDerivedDataCache: Shutdown
[2016.03.21-21.07.58:886][678]LogModuleManager: Shutting down and abandoning module ShaderFormatOpenGL (55)
[2016.03.21-21.07.58:887][678]LogModuleManager: Shutting down and abandoning module ShaderFormatD3D (54)
[2016.03.21-21.07.58:887][678]LogModuleManager: Shutting down and abandoning module MetalShaderFormat (53)
[2016.03.21-21.07.58:888][678]LogModuleManager: Shutting down and abandoning module TextureFormatUncompressed (52)
[2016.03.21-21.07.58:888][678]LogModuleManager: Shutting down and abandoning module TextureFormatPVR (51)
[2016.03.21-21.07.58:888][678]LogModuleManager: Shutting down and abandoning module TextureFormatIntelISPCTexComp (50)
[2016.03.21-21.07.58:888][678]LogModuleManager: Shutting down and abandoning module TextureFormatDXT (49)
[2016.03.21-21.07.58:888][678]LogModuleManager: Shutting down and abandoning module ImageWrapper (48)
[2016.03.21-21.07.58:888][678]LogModuleManager: Shutting down and abandoning module TextureFormatASTC (47)
[2016.03.21-21.07.58:888][678]LogModuleManager: Shutting down and abandoning module TextureFormatAndroid (46)
[2016.03.21-21.07.58:888][678]LogModuleManager: Shutting down and abandoning module AudioFormatOpus (45)
[2016.03.21-21.07.58:888][678]LogModuleManager: Shutting down and abandoning module AudioFormatOgg (44)
[2016.03.21-21.07.58:888][678]LogModuleManager: Shutting down and abandoning module AudioFormatADPCM (43)
[2016.03.21-21.07.58:888][678]LogModuleManager: Shutting down and abandoning module LinuxTargetPlatform (42)
[2016.03.21-21.07.58:888][678]LogModuleManager: Shutting down and abandoning module LinuxServerTargetPlatform (41)
[2016.03.21-21.07.58:888][678]LogModuleManager: Shutting down and abandoning module LinuxNoEditorTargetPlatform (40)
[2016.03.21-21.07.58:888][678]LogModuleManager: Shutting down and abandoning module Messaging (39)
[2016.03.21-21.07.58:888][678]LogModuleManager: Shutting down and abandoning module IOSTargetPlatform (38)
[2016.03.21-21.07.58:888][678]LogModuleManager: Shutting down and abandoning module HTML5TargetPlatform (37)
[2016.03.21-21.07.58:888][678]LogModuleManager: Shutting down and abandoning module Android_PVRTCTargetPlatform (36)
[2016.03.21-21.07.58:888][678]LogModuleManager: Shutting down and abandoning module Android_MultiTargetPlatform (35)
[2016.03.21-21.07.58:888][678]LogModuleManager: Shutting down and abandoning module Android_ETC2TargetPlatform (34)
[2016.03.21-21.07.58:888][678]LogModuleManager: Shutting down and abandoning module Android_ETC1TargetPlatform (33)
[2016.03.21-21.07.58:888][678]LogModuleManager: Shutting down and abandoning module Android_DXTTargetPlatform (32)
[2016.03.21-21.07.58:888][678]LogModuleManager: Shutting down and abandoning module Android_ATCTargetPlatform (31)
[2016.03.21-21.07.58:888][678]LogModuleManager: Shutting down and abandoning module Android_ASTCTargetPlatform (30)
[2016.03.21-21.07.58:888][678]LogModuleManager: Shutting down and abandoning module AndroidTargetPlatform (29)
[2016.03.21-21.07.58:888][678]LogModuleManager: Shutting down and abandoning module WindowsTargetPlatform (28)
[2016.03.21-21.07.58:888][678]LogModuleManager: Shutting down and abandoning module WindowsServerTargetPlatform (27)
[2016.03.21-21.07.58:889][678]LogModuleManager: Shutting down and abandoning module WindowsNoEditorTargetPlatform (26)
[2016.03.21-21.07.58:889][678]LogModuleManager: Shutting down and abandoning module WindowsClientTargetPlatform (25)
[2016.03.21-21.07.58:889][678]LogModuleManager: Shutting down and abandoning module AllDesktopTargetPlatform (24)
[2016.03.21-21.07.58:889][678]LogModuleManager: Shutting down and abandoning module TargetPlatform (23)
[2016.03.21-21.07.58:889][678]LogModuleManager: Shutting down and abandoning module InputCore (22)
[2016.03.21-21.07.58:889][678]LogModuleManager: Shutting down and abandoning module Settings (21)
[2016.03.21-21.07.58:889][678]LogModuleManager: Shutting down and abandoning module OnlineSubsystem (19)
[2016.03.21-21.07.58:889][678]LogModuleManager: Shutting down and abandoning module HTTP (18)
[2016.03.21-21.08.00:389][678]LogModuleManager: Shutting down and abandoning module XMPP (17)
[2016.03.21-21.08.00:391][678]LogModuleManager: Shutting down and abandoning module OculusRift (16)
[2016.03.21-21.08.00:392][678]LogModuleManager: Shutting down and abandoning module ExampleDeviceProfileSelector (15)
[2016.03.21-21.08.00:392][678]LogModuleManager: Shutting down and abandoning module TextureCompressor (14)
[2016.03.21-21.08.00:392][678]LogModuleManager: Shutting down and abandoning module ShaderCore (13)
[2016.03.21-21.08.00:392][678]LogModuleManager: Shutting down and abandoning module Landscape (12)
[2016.03.21-21.08.00:392][678]LogModuleManager: Shutting down and abandoning module SlateRHIRenderer (11)
[2016.03.21-21.08.00:393][678]LogModuleManager: Shutting down and abandoning module OpenGLDrv (10)
[2016.03.21-21.08.00:395][678]LogModuleManager: Shutting down and abandoning module D3D11RHI (9)
[2016.03.21-21.08.00:395][678]LogModuleManager: Shutting down and abandoning module AnimGraphRuntime (8)
[2016.03.21-21.08.00:395][678]LogModuleManager: Shutting down and abandoning module Renderer (7)
[2016.03.21-21.08.00:395][678]LogModuleManager: Shutting down and abandoning module Engine (6)
[2016.03.21-21.08.00:395][678]LogModuleManager: Shutting down and abandoning module CoreUObject (5)
[2016.03.21-21.08.00:396][678]LogModuleManager: Shutting down and abandoning module NetworkFile (4)
[2016.03.21-21.08.00:396][678]LogModuleManager: Shutting down and abandoning module StreamingFile (3)
[2016.03.21-21.08.00:396][678]LogModuleManager: Shutting down and abandoning module SandboxFile (2)
[2016.03.21-21.08.00:396][678]LogModuleManager: Shutting down and abandoning module PakFile (1)
[2016.03.21-21.08.00:398][678]LogExit: Exiting.
[2016.03.21-21.08.00:400][678]Log file closed, 03/21/16 18:08:00
