[2016.03.19-06.19.19:649][  0]Log file open, 03/19/16 03:19:19
[2016.03.19-06.19.19:649][  0]LogInit:Display: Running engine for game: LoseOrDie
[2016.03.19-06.19.19:649][  0]LogPlatformFile: Not using cached read wrapper
[2016.03.19-06.19.19:649][  0]LogInit:Display: RandInit(301490896) SRandInit(301490897).
[2016.03.19-06.19.19:649][  0]LogTaskGraph: Started task graph with 4 named threads and 5 total threads.
[2016.03.19-06.19.19:649][  0]LogStats: Stats thread started at 0.333156
[2016.03.19-06.19.19:649][  0]LogInit: Version: 4.10.4-2872498+++depot+UE4-Releases+4.10
[2016.03.19-06.19.19:649][  0]LogInit: API Version: 2758231
[2016.03.19-06.19.19:649][  0]LogInit: Compiled (64-bit): Feb 18 2016 15:47:04
[2016.03.19-06.19.19:649][  0]LogInit: Compiled with Visual C++: 19.00.23026.00
[2016.03.19-06.19.19:649][  0]LogInit: Build Configuration: Development
[2016.03.19-06.19.19:649][  0]LogInit: Branch Name: ++depot+UE4-Releases+4.10
[2016.03.19-06.19.19:649][  0]LogInit: Command line:  
[2016.03.19-06.19.19:649][  0]LogInit: Base directory: C:/Program Files/Epic Games/4.10/Engine/Binaries/Win64/
[2016.03.19-06.19.19:649][  0]LogInit: Rocket: 1
[2016.03.19-06.19.19:677][  0]LogInit: Using libcurl 7.41.0
[2016.03.19-06.19.19:677][  0]LogInit:  - built for x86_64-pc-win32
[2016.03.19-06.19.19:677][  0]LogInit:  - supports SSL with WinSSL
[2016.03.19-06.19.19:677][  0]LogInit:  - other features:
[2016.03.19-06.19.19:677][  0]LogInit:      CURL_VERSION_SSL
[2016.03.19-06.19.19:677][  0]LogInit:      CURL_VERSION_IPV6
[2016.03.19-06.19.19:677][  0]LogInit:      CURL_VERSION_ASYNCHDNS
[2016.03.19-06.19.19:677][  0]LogInit:      CURL_VERSION_LARGEFILE
[2016.03.19-06.19.19:677][  0]LogInit:      CURL_VERSION_IDN
[2016.03.19-06.19.19:678][  0]LogInit:  CurlRequestOptions (configurable via config and command line):
[2016.03.19-06.19.19:678][  0]LogInit:  - bVerifyPeer = true  - Libcurl will verify peer certificate
[2016.03.19-06.19.19:678][  0]LogInit:  - bUseHttpProxy = false  - Libcurl will NOT use HTTP proxy
[2016.03.19-06.19.19:678][  0]LogInit:  - bDontReuseConnections = false  - Libcurl will reuse connections
[2016.03.19-06.19.19:678][  0]LogInit:  - CertBundlePath = nullptr  - Libcurl will use whatever was configured at build time.
[2016.03.19-06.19.19:721][  0]LogInit: Presizing for 0 objects not considered by GC, pre-allocating 0 bytes.
[2016.03.19-06.19.19:736][  0]LogInit: Object subsystem initialized
[2016.03.19-06.19.19:747][  0]LogInit: Selected Device Profile: [Windows]
[2016.03.19-06.19.19:747][  0]LogInit: Applying CVar settings loaded from the selected device profile: [Windows]
[2016.03.19-06.19.19:771][  0]LogInit: Computer: RKANEHISA-PC
[2016.03.19-06.19.19:771][  0]LogInit: User: RKanehisa
[2016.03.19-06.19.19:771][  0]LogInit: CPU Page size=4096, Cores=2
[2016.03.19-06.19.19:771][  0]LogInit: High frequency timer resolution =1.753769 MHz
[2016.03.19-06.19.19:771][  0]LogMemory: Memory total: Physical=7.9GB (8GB approx)
[2016.03.19-06.19.19:771][  0]LogMemory: Platform Memory Stats for Windows
[2016.03.19-06.19.19:771][  0]LogMemory: Process Physical Memory: 56.58 MB used, 56.58 MB peak
[2016.03.19-06.19.19:771][  0]LogMemory: Process Virtual Memory: 56.91 MB used, 56.91 MB peak
[2016.03.19-06.19.19:771][  0]LogMemory: Physical Memory: 3158.57 MB used, 8096.39 MB total
[2016.03.19-06.19.19:771][  0]LogMemory: Virtual Memory: 347.08 MB used, 8388608.00 MB total
[2016.03.19-06.19.20:857][  0]LogD3D11RHI: Found D3D11 adapter 0: NVIDIA GeForce GT 750M   (Feature Level 11_0)
[2016.03.19-06.19.20:857][  0]LogD3D11RHI: Adapter has 1991MB of dedicated video memory, 0MB of dedicated system memory, and 2048MB of shared system memory, 1 output[s]
[2016.03.19-06.19.20:876][  0]LogD3D11RHI: Found D3D11 adapter 1: NVIDIA GeForce GT 750M   (Feature Level 11_0)
[2016.03.19-06.19.20:876][  0]LogD3D11RHI: Adapter has 1991MB of dedicated video memory, 0MB of dedicated system memory, and 2048MB of shared system memory, 0 output[s]
[2016.03.19-06.19.20:876][  0]LogD3D11RHI: Chosen D3D11 Adapter Id = 0
[2016.03.19-06.19.20:888][  0]LogD3D11RHI: !Direct3DDevice
[2016.03.19-06.19.20:889][  0]LogRHI: Texture pool is 1361 MB (70% of 1945 MB)
[2016.03.19-06.19.20:909][  0]LogD3D11RHI: Async texture creation enabled
[2016.03.19-06.19.20:942][  0]LogShaderCompilers: Guid format shader working directory is -1 characters bigger than the processId version (D:/Home/Documents/Unreal Engine Projects/LoseOrDIE/Intermediate/Shaders/WorkingDirectory/5788/).
[2016.03.19-06.19.20:942][  0]LogShaderCompilers: Cleaned the shader compiler working directory 'C:/Users/RKANEH~1/AppData/Local/Temp/UnrealShaderWorkingDir/8ED521E44F98433909210CB4BABF0817/'.
[2016.03.19-06.19.20:942][  0]LogShaderCompilers:Display: Using Local Shader Compiler.
[2016.03.19-06.19.22:920][  0]LogTemp:Display: Loaded TP AllDesktopTargetPlatform
[2016.03.19-06.19.22:926][  0]LogTemp:Display: Loaded TP WindowsClientTargetPlatform
[2016.03.19-06.19.22:933][  0]LogTemp:Display: Loaded TP WindowsNoEditorTargetPlatform
[2016.03.19-06.19.22:938][  0]LogTemp:Display: Loaded TP WindowsServerTargetPlatform
[2016.03.19-06.19.22:944][  0]LogTemp:Display: Loaded TP WindowsTargetPlatform
[2016.03.19-06.19.22:952][  0]LogTemp:Display: Loaded TP AndroidTargetPlatform
[2016.03.19-06.19.22:956][  0]LogTemp:Display: Loaded TP Android_ASTCTargetPlatform
[2016.03.19-06.19.22:960][  0]LogTemp:Display: Loaded TP Android_ATCTargetPlatform
[2016.03.19-06.19.22:963][  0]LogTemp:Display: Loaded TP Android_DXTTargetPlatform
[2016.03.19-06.19.22:967][  0]LogTemp:Display: Loaded TP Android_ETC1TargetPlatform
[2016.03.19-06.19.22:971][  0]LogTemp:Display: Loaded TP Android_ETC2TargetPlatform
[2016.03.19-06.19.22:979][  0]LogTemp:Display: Loaded TP Android_MultiTargetPlatform
[2016.03.19-06.19.22:979][  0]LogTemp:Display: Loaded TP Android_PVRTCTargetPlatform
[2016.03.19-06.19.22:980][  0]LogTemp:Display: Loaded TP HTML5TargetPlatform
[2016.03.19-06.19.23:024][  0]LogTemp:Display: Loaded TP IOSTargetPlatform
[2016.03.19-06.19.23:027][  0]LogTemp:Display: Loaded TP LinuxNoEditorTargetPlatform
[2016.03.19-06.19.23:030][  0]LogTemp:Display: Loaded TP LinuxServerTargetPlatform
[2016.03.19-06.19.23:038][  0]LogTemp:Display: Loaded TP LinuxTargetPlatform
[2016.03.19-06.19.23:038][  0]LogTargetPlatformManager:Display: Building Assets For Windows
[2016.03.19-06.19.23:369][  0]LogDerivedDataCache:Display: Max Cache Size: 512 MB
[2016.03.19-06.19.23:516][  0]LogDerivedDataCache: Loaded boot cache 0.15s 41MB C:/Users/RKanehisa/AppData/Local/UnrealEngine/4.10/DerivedDataCache/Boot.ddc.
[2016.03.19-06.19.23:516][  0]LogDerivedDataCache:Display: Loaded Boot cache: C:/Users/RKanehisa/AppData/Local/UnrealEngine/4.10/DerivedDataCache/Boot.ddc
[2016.03.19-06.19.23:516][  0]LogDerivedDataCache: FDerivedDataBackendGraph:  Pak pak cache file D:/Home/Documents/Unreal Engine Projects/LoseOrDIE/DerivedDataCache/DDC.ddp not found, will not use a pak cache.
[2016.03.19-06.19.23:516][  0]LogDerivedDataCache: Unable to find inner node Pak for hierarchical cache Hierarchy.
[2016.03.19-06.19.23:516][  0]LogDerivedDataCache: FDerivedDataBackendGraph:  CompressedPak pak cache file D:/Home/Documents/Unreal Engine Projects/LoseOrDIE/DerivedDataCache/Compressed.ddp not found, will not use a pak cache.
[2016.03.19-06.19.23:516][  0]LogDerivedDataCache: Unable to find inner node CompressedPak for hierarchical cache Hierarchy.
[2016.03.19-06.19.23:605][  0]LogDerivedDataCache:Display: Pak cache opened for reading ../../../Engine/DerivedDataCache/Compressed.ddp.
[2016.03.19-06.19.23:619][  0]LogDerivedDataCache: Using Local data cache path C:/Users/RKanehisa/AppData/Local/UnrealEngine/Common/DerivedDataCache: Writable
[2016.03.19-06.19.26:718][  0]LogInit: Selected Device Profile: [Windows]
[2016.03.19-06.19.26:723][  0]LogContentStreaming: Texture pool size is 0.000000MB
[2016.03.19-06.19.26:826][  0]LogMeshUtilities: No automatic mesh reduction module available
[2016.03.19-06.19.26:826][  0]LogMeshUtilities: No automatic mesh merging module available
[2016.03.19-06.19.27:682][  0]LogInit: WinSock: version 1.1 (2.2), MaxSocks=32767, MaxUdp=65467
[2016.03.19-06.19.29:874][  0]UdpMessaging: Initializing bridge on interface 0.0.0.0:0 to multicast group 230.0.0.1:6666.
[2016.03.19-06.19.30:016][  0]LogAssetRegistry: FAssetRegistry took 0.0116 seconds to start up
[2016.03.19-06.19.30:414][  0]SourceControl: Info Source control is disabled
[2016.03.19-06.19.30:491][  0]SourceControl: Info Source control is disabled
[2016.03.19-06.19.30:507][  0]SourceControl: Info Source control is disabled
[2016.03.19-06.19.30:525][  0]SourceControl: Info Source control is disabled
[2016.03.19-06.19.30:933][  0]LogObj: 28633 objects as part of root set at end of initial load.
[2016.03.19-06.19.30:933][  0]LogUObjectAllocator: 6099744 out of 0 bytes used by permanent object pool.
[2016.03.19-06.19.31:058][  0]LogEngine: Initializing Engine...
[2016.03.19-06.19.31:062][  0]LogHMD: Can't find Oculus library dev build: is proper Runtime installed? Version: 0.8.0.0
[2016.03.19-06.19.31:080][  0]LogHMD: SteamVR failed to initialize.  Err: 110
[2016.03.19-06.19.31:435][  0]LogAIModule: Creating AISystem for world NewWorld
[2016.03.19-06.19.31:452][  0]LogInit: XAudio2 using 'Speakers (Realtek High Definition Audio)' : 2 channels at 48 kHz using 32 bits per sample (channel mask 0x3)
[2016.03.19-06.19.31:720][  0]LogInit: FAudioDevice initialized.
[2016.03.19-06.19.31:747][  0]LogDerivedDataCache: Saved boot cache 0.03s 41MB C:/Users/RKanehisa/AppData/Local/UnrealEngine/4.10/DerivedDataCache/Boot.ddc.
[2016.03.19-06.19.31:753][  0]LogInit: Texture streaming: Enabled
[2016.03.19-06.19.31:762][  0]LogAnalytics: Creating configured Analytics provider AnalyticsET
[2016.03.19-06.19.31:763][  0]LogAnalytics: [UEEditor.Rocket.Release] APIServer = http://et2.epicgames.com/ET2/. AppVersion = 4.10.4-2872498+++depot+UE4-Releases+4.10
[2016.03.19-06.19.31:763][  0]LogAnalytics: [UEEditor.Rocket.Release] SetUserId ca1deb15400509ddc561bb9d1b5be1b1|6114d1f106a54a3d811d8c702af87130|2cedf5d9-e291-4250-b47b-9bcc1a9990db
[2016.03.19-06.19.31:764][  0]LogAnalytics: [UEEditor.Rocket.Release] AnalyticsET::StartSession
[2016.03.19-06.19.31:778][  0]LogInit: Transaction tracking system initialized
[2016.03.19-06.19.31:841][  0]BlueprintLog: New page: Editor Load
[2016.03.19-06.19.32:061][  0]LocalizationService: Info Localization service is disabled
[2016.03.19-06.19.32:234][  0]LogConsoleResponse:Display: 
[2016.03.19-06.19.32:469][  0]LogCook:Display: Done creating registry. It took  0.00s.
[2016.03.19-06.19.32:594][  0]LogFileCache: Scanning file cache for directory 'D:/Home/Documents/Unreal Engine Projects/LoseOrDIE/Content/' took 0.01s
[2016.03.19-06.19.32:594][  0]SourceControl: Info Source control is disabled
[2016.03.19-06.19.32:595][  0]Cmd: MAP LOAD FILE="D:/Home/Documents/Unreal Engine Projects/LoseOrDIE/Content/ThirdPersonBP/Maps/ThirdPersonExampleMap.umap" TEMPLATE=0 SHOWPROGRESS=1 FEATURELEVEL=3
[2016.03.19-06.19.32:596][  0]LightingResults: New page: Lighting Build
[2016.03.19-06.19.32:606][  0]MapCheck: New page: Map Check
[2016.03.19-06.19.32:606][  0]LightingResults: New page: Lighting Build
[2016.03.19-06.19.32:644][  0]LogParticles: Destroying 0 GPU particle simulations for FXSystem 0x000000002512F420
[2016.03.19-06.19.34:442][  0]LogTexture:Display: Building textures: T_Water_01_N (BC5)
[2016.03.19-06.19.35:710][  0]LogTexture:Display: Building textures: T_Sand_Road_Tracks_N (BC5)
[2016.03.19-06.19.37:109][  0]LogTexture:Display: Building textures: T_Sand_Road_Tracks_M (AutoDXT)
[2016.03.19-06.19.46:604][  0]LogTexture:Display: Building textures: T_Pebbles_D (AutoDXT)
[2016.03.19-06.19.58:238][  0]LogTexture:Display: Building textures: T_COG_Base_Dirt_N (BC5)
[2016.03.19-06.19.59:566][  0]LogStaticMesh: Building static mesh FloatingCar...
[2016.03.19-06.19.59:593][  0]LogStaticMesh: Built static mesh [0.028378.2s] /Game/MyAssets/Meshes/FloatingCar.FloatingCar
[2016.03.19-06.19.59:614][  0]LogMaterial: Missing cached shader map for material Engrenagem_Material, compiling. 
[2016.03.19-06.19.59:640][  0]LogStaticMesh: Building static mesh engrenagem...
[2016.03.19-06.19.59:686][  0]LogStaticMesh: Built static mesh [0.047324.2s] /Game/MyAssets/Meshes/engrenagem.engrenagem
[2016.03.19-06.19.59:694][  0]LogMaterial: Missing cached shader map for material M_Sand_Road, compiling. 
[2016.03.19-06.19.59:720][  0]LogStaticMesh: Building static mesh Curva30...
[2016.03.19-06.19.59:724][  0]LogStaticMesh: Built static mesh [0.004553.2s] /Game/MyAssets/Meshes/Curva30.Curva30
[2016.03.19-06.19.59:729][  0]LogMaterial: Missing cached shader map for material holograma, compiling. 
[2016.03.19-06.19.59:765][  0]LogStaticMesh: Building static mesh Curva60...
[2016.03.19-06.19.59:768][  0]LogStaticMesh: Built static mesh [0.004079.2s] /Game/MyAssets/Meshes/Curva60.Curva60
[2016.03.19-06.19.59:796][  0]LogStaticMesh: Building static mesh Arrows...
[2016.03.19-06.19.59:817][  0]LogStaticMesh: Built static mesh [0.038766.2s] /Game/MyAssets/Meshes/Arrows.Arrows
[2016.03.19-06.19.59:869][  0]LogMaterial: Missing cached shader map for material M_Rock, compiling. 
[2016.03.19-06.19.59:971][  0]LogStaticMesh: Building static mesh Curva15...
[2016.03.19-06.19.59:974][  0]LogStaticMesh: Built static mesh [0.004043.2s] /Game/MyAssets/Meshes/Curva15.Curva15
[2016.03.19-06.20.00:045][  0]LogTexture:Display: Building textures: HQ_Lightmap1_1 (AutoDXT)
[2016.03.19-06.20.00:046][  0]LogTexture:Display: Building textures: LQ_Lightmap_1_1 (DXT1)
[2016.03.19-06.20.00:055][  0]LogTexture:Display: Building textures: SkyOcclusion1_1 (AutoDXT)
[2016.03.19-06.20.00:061][  0]LogTexture:Display: Building textures: ShadowMapTexture2D_1 (G8)
[2016.03.19-06.20.00:413][  0]LogTexture:Display: Building textures: T_SandDunes_D (AutoDXT)
[2016.03.19-06.20.13:113][  0]LogTexture:Display: Building textures: T_SandDunes_N (BC5)
[2016.03.19-06.20.16:210][  0]LogMaterial: Missing cached shader map for material M_Distance_Sand, compiling. 
[2016.03.19-06.20.16:225][  0]LogAIModule: Creating AISystem for world ThirdPersonExampleMap
[2016.03.19-06.20.16:304][  0]LogEditorServer: Finished looking for orphan Actors (0.000 secs)
[2016.03.19-06.20.16:306][  0]Cmd: MAP CHECKDEP NOCLEARLOG
[2016.03.19-06.20.16:509][  0]MapCheck: Info Map check complete: 0 Error(s), 0 Warning(s), took 203.589ms to complete.
[2016.03.19-06.20.16:509][  0]LogFileHelpers: Loading map 'ThirdPersonExampleMap' took 43.937
[2016.03.19-06.20.18:148][  0]LogCollectionManager: Loaded 0 collections in 0.003640 seconds
[2016.03.19-06.20.18:685][  0]LogFileCache: Scanning file cache for directory 'D:/Home/Documents/Unreal Engine Projects/LoseOrDIE/Saved/Collections/' took 0.01s
[2016.03.19-06.20.18:685][  0]LogFileCache: Scanning file cache for directory 'D:/Home/Documents/Unreal Engine Projects/LoseOrDIE/Content/Developers/RKanehisa/Collections/' took 0.01s
[2016.03.19-06.20.18:685][  0]LogFileCache: Scanning file cache for directory 'D:/Home/Documents/Unreal Engine Projects/LoseOrDIE/Content/Collections/' took 0.06s
[2016.03.19-06.20.18:685][  0]LogCollectionManager: Rebuilt the GUID cache for 0 collections in 0.000034 seconds
[2016.03.19-06.20.18:700][  0]LogContentBrowser: Native class hierarchy populated in 0.0149 seconds. Added 1893 classes and 338 folders.
[2016.03.19-06.20.18:715][  0]LogContentBrowser: Native class hierarchy updated for 'WidgetCarousel' in 0.0005 seconds. Added 0 classes and 0 folders.
[2016.03.19-06.20.21:712][  0]LogContentBrowser: Native class hierarchy updated for 'AddContentDialog' in 0.0005 seconds. Added 0 classes and 0 folders.
[2016.03.19-06.20.22:486][  0]LogContentBrowser: Native class hierarchy updated for 'SceneOutliner' in 0.0006 seconds. Added 1 classes and 2 folders.
[2016.03.19-06.20.24:323][  0]LogCrashTracker: Crashtracker disabled due to settings.
[2016.03.19-06.20.25:742][  0]LogUObjectGlobals:Warning: Failed to find object 'Class None.'
[2016.03.19-06.20.25:764][  0]LogLoad: Full Startup: 67.39 seconds (BP compile: 0.62 seconds)
[2016.03.19-06.20.26:106][  0]LogOcInput: Can't find Oculus library dev build: is proper Runtime installed? Version: 0.8.0.0
[2016.03.19-06.20.26:311][  0]LogContentStreaming: Texture pool size now 700 MB
[2016.03.19-06.20.26:550][  0]LogRenderer: Reallocating scene render targets to support 856x368 (Frame:2).
[2016.03.19-06.20.26:717][  1]LogFileCache: Retrieving MD5 hashes for directory 'D:/Home/Documents/Unreal Engine Projects/LoseOrDIE/Content/' took 0.60s
[2016.03.19-06.20.30:038][ 11]LogAssetRegistry: Asset discovery search completed in 60.0802 seconds
[2016.03.19-06.20.30:038][ 11]LogCollectionManager: Rebuilt the object cache for 0 collections in 0.000001 seconds (found 0 objects)
[2016.03.19-06.20.30:038][ 11]LogCollectionManager: Fixed up redirectors for 0 collections in 0.000306 seconds (updated 0 objects)
[2016.03.19-06.20.58:592][ 97]LogBlueprintUserMessages: Early PlayInEditor Detection: Level '/Game/ThirdPersonBP/Maps/ThirdPersonExampleMap.ThirdPersonExampleMap:PersistentLevel' has LevelScriptBlueprint '/Game/ThirdPersonBP/Maps/ThirdPersonExampleMap.ThirdPersonExampleMap:PersistentLevel.ThirdPersonExampleMap' with GeneratedClass '/Game/ThirdPersonBP/Maps/ThirdPersonExampleMap.ThirdPersonExampleMap_C' with ClassGeneratedBy '/Game/ThirdPersonBP/Maps/ThirdPersonExampleMap.ThirdPersonExampleMap:PersistentLevel.ThirdPersonExampleMap'
[2016.03.19-06.20.58:592][ 97]LogPlayLevel: PlayLevel: No blueprints needed recompiling
[2016.03.19-06.20.58:594][ 97]PIE: New page: PIE session: ThirdPersonExampleMap (Mar 19, 2016, 12:20:58 AM)
[2016.03.19-06.20.58:594][ 97]LogPlayLevel: Creating play world package: /Game/ThirdPersonBP/Maps/UEDPIE_0_ThirdPersonExampleMap
[2016.03.19-06.20.58:620][ 97]LogPlayLevel: PIE: StaticDuplicateObject took: (0.025179s)
[2016.03.19-06.20.58:620][ 97]LogAIModule: Creating AISystem for world ThirdPersonExampleMap
[2016.03.19-06.20.58:620][ 97]LogPlayLevel: PIE: World Init took: (0.000732s)
[2016.03.19-06.20.58:621][ 97]LogPlayLevel: PIE: Created PIE world by copying editor world from /Game/ThirdPersonBP/Maps/ThirdPersonExampleMap.ThirdPersonExampleMap to /Game/ThirdPersonBP/Maps/UEDPIE_0_ThirdPersonExampleMap.ThirdPersonExampleMap (0.026463s)
[2016.03.19-06.20.58:720][ 97]LogInit: XAudio2 using 'Speakers (Realtek High Definition Audio)' : 2 channels at 48 kHz using 32 bits per sample (channel mask 0x3)
[2016.03.19-06.20.58:734][ 97]LogInit: FAudioDevice initialized.
[2016.03.19-06.20.58:789][ 97]LogWorld: Game class is 'RunGameMode_C'
[2016.03.19-06.20.58:792][ 97]LogWorld: Bringing World /Game/ThirdPersonBP/Maps/UEDPIE_0_ThirdPersonExampleMap.ThirdPersonExampleMap up for play (max tick rate 0) at 2016.03.19-03.20.58
[2016.03.19-06.20.58:792][ 97]LogActor:Warning: GameSession /Game/ThirdPersonBP/Maps/UEDPIE_0_ThirdPersonExampleMap.ThirdPersonExampleMap:PersistentLevel.GameSession_0 has natively added scene component(s), but none of them were set as the actor's RootComponent - picking one arbitrarily
[2016.03.19-06.20.58:792][ 97]LogActor:Warning: GameNetworkManager /Game/ThirdPersonBP/Maps/UEDPIE_0_ThirdPersonExampleMap.ThirdPersonExampleMap:PersistentLevel.GameNetworkManager_0 has natively added scene component(s), but none of them were set as the actor's RootComponent - picking one arbitrarily
[2016.03.19-06.20.58:793][ 97]LogWorld: Bringing up level for play took: 0.002734
[2016.03.19-06.20.58:803][ 97]PIE: Info Play in editor start time for /Game/ThirdPersonBP/Maps/UEDPIE_0_ThirdPersonExampleMap 0.176
[2016.03.19-06.20.58:803][ 97]LogBlueprintUserMessages: Late PlayInEditor Detection: Level '/Game/ThirdPersonBP/Maps/ThirdPersonExampleMap.ThirdPersonExampleMap:PersistentLevel' has LevelScriptBlueprint '/Game/ThirdPersonBP/Maps/ThirdPersonExampleMap.ThirdPersonExampleMap:PersistentLevel.ThirdPersonExampleMap' with GeneratedClass '/Game/ThirdPersonBP/Maps/ThirdPersonExampleMap.ThirdPersonExampleMap_C' with ClassGeneratedBy '/Game/ThirdPersonBP/Maps/ThirdPersonExampleMap.ThirdPersonExampleMap:PersistentLevel.ThirdPersonExampleMap'
[2016.03.19-06.23.00:602][531]LogBlueprintUserMessages: Early EndPlayMap Detection: Level '/Game/ThirdPersonBP/Maps/ThirdPersonExampleMap.ThirdPersonExampleMap:PersistentLevel' has LevelScriptBlueprint '/Game/ThirdPersonBP/Maps/ThirdPersonExampleMap.ThirdPersonExampleMap:PersistentLevel.ThirdPersonExampleMap' with GeneratedClass '/Game/ThirdPersonBP/Maps/ThirdPersonExampleMap.ThirdPersonExampleMap_C' with ClassGeneratedBy '/Game/ThirdPersonBP/Maps/ThirdPersonExampleMap.ThirdPersonExampleMap:PersistentLevel.ThirdPersonExampleMap'
[2016.03.19-06.23.00:645][531]LogBlueprintUserMessages: Late EndPlayMap Detection: Level '/Game/ThirdPersonBP/Maps/ThirdPersonExampleMap.ThirdPersonExampleMap:PersistentLevel' has LevelScriptBlueprint '/Game/ThirdPersonBP/Maps/ThirdPersonExampleMap.ThirdPersonExampleMap:PersistentLevel.ThirdPersonExampleMap' with GeneratedClass '/Game/ThirdPersonBP/Maps/ThirdPersonExampleMap.ThirdPersonExampleMap_C' with ClassGeneratedBy '/Game/ThirdPersonBP/Maps/ThirdPersonExampleMap.ThirdPersonExampleMap:PersistentLevel.ThirdPersonExampleMap'
[2016.03.19-06.23.00:679][531]LogParticles: Destroying 0 GPU particle simulations for FXSystem 0x00000000521D9DA0
[2016.03.19-06.23.02:436][612]Cmd: QUIT_EDITOR
[2016.03.19-06.23.02:617][612]LogExit: Preparing to exit.
[2016.03.19-06.23.02:955][612]LogExit: Editor shut down
[2016.03.19-06.23.02:955][612]LogExit: Transaction tracking system shut down
[2016.03.19-06.23.02:962][612]LogParticles: Destroying 0 GPU particle simulations for FXSystem 0x000000002D2B19E0
[2016.03.19-06.23.02:962][612]LogParticles: Destroying 0 GPU particle simulations for FXSystem 0x000000003D3FB7E0
[2016.03.19-06.23.02:962][612]LogParticles: Destroying 0 GPU particle simulations for FXSystem 0x000000003C908540
[2016.03.19-06.23.02:962][612]LogParticles: Destroying 0 GPU particle simulations for FXSystem 0x000000002E0C1B20
[2016.03.19-06.23.03:150][612]LogExit: Object subsystem successfully closed.
[2016.03.19-06.23.03:163][612]LogD3D11RHI: Shutdown
[2016.03.19-06.23.03:163][612]LogD3D11RHI: CleanupD3DDevice
[2016.03.19-06.23.03:277][612]LogD3D11RHI: ~FD3D11DynamicRHI
[2016.03.19-06.23.03:292][612]LogModuleManager: Shutting down and abandoning module CrashTracker (198)
[2016.03.19-06.23.03:292][612]LogModuleManager: Shutting down and abandoning module SceneOutliner (197)
[2016.03.19-06.23.03:292][612]LogModuleManager: Shutting down and abandoning module SuperSearch (196)
[2016.03.19-06.23.03:292][612]LogModuleManager: Shutting down and abandoning module WidgetCarousel (195)
[2016.03.19-06.23.03:292][612]LogModuleManager: Shutting down and abandoning module AddContentDialog (194)
[2016.03.19-06.23.03:293][612]LogModuleManager: Shutting down and abandoning module EditorWidgets (193)
[2016.03.19-06.23.03:293][612]LogModuleManager: Shutting down and abandoning module CollectionManager (192)
[2016.03.19-06.23.03:293][612]LogModuleManager: Shutting down and abandoning module StatsViewer (191)
[2016.03.19-06.23.03:293][612]LogModuleManager: Shutting down and abandoning module FoliageEdit (190)
[2016.03.19-06.23.03:293][612]LogModuleManager: Shutting down and abandoning module LandscapeEditor (189)
[2016.03.19-06.23.03:293][612]LogModuleManager: Shutting down and abandoning module ActorPickerMode (188)
[2016.03.19-06.23.03:293][612]LogModuleManager: Shutting down and abandoning module GeometryMode (187)
[2016.03.19-06.23.03:293][612]LogModuleManager: Shutting down and abandoning module TextureAlignMode (186)
[2016.03.19-06.23.03:293][612]LogModuleManager: Shutting down and abandoning module BspMode (185)
[2016.03.19-06.23.03:293][612]LogModuleManager: Shutting down and abandoning module PlacementMode (184)
[2016.03.19-06.23.03:293][612]LogModuleManager: Shutting down and abandoning module AutomationWorker (183)
[2016.03.19-06.23.03:293][612]LogModuleManager: Shutting down and abandoning module CharacterAI (182)
[2016.03.19-06.23.03:293][612]LogModuleManager: Shutting down and abandoning module SmartSnapping (181)
[2016.03.19-06.23.03:293][612]LogModuleManager: Shutting down and abandoning module ViewportSnapping (180)
[2016.03.19-06.23.03:293][612]LogModuleManager: Shutting down and abandoning module LogVisualizer (179)
[2016.03.19-06.23.03:293][612]LogModuleManager: Shutting down and abandoning module GameProjectGeneration (178)
[2016.03.19-06.23.03:293][612]LogModuleManager: Shutting down and abandoning module IntroTutorials (177)
[2016.03.19-06.23.03:293][612]LogModuleManager: Shutting down and abandoning module EditorLiveStreaming (176)
[2016.03.19-06.23.03:293][612]LogModuleManager: Shutting down and abandoning module IOSPlatformEditor (175)
[2016.03.19-06.23.03:293][612]LogModuleManager: Shutting down and abandoning module HTML5PlatformEditor (174)
[2016.03.19-06.23.03:293][612]LogModuleManager: Shutting down and abandoning module AndroidDeviceDetection (173)
[2016.03.19-06.23.03:571][612]LogModuleManager: Shutting down and abandoning module AndroidPlatformEditor (172)
[2016.03.19-06.23.03:571][612]LogModuleManager: Shutting down and abandoning module IOSRuntimeSettings (171)
[2016.03.19-06.23.03:571][612]LogModuleManager: Shutting down and abandoning module AndroidRuntimeSettings (170)
[2016.03.19-06.23.03:571][612]LogModuleManager: Shutting down and abandoning module MergeActors (169)
[2016.03.19-06.23.03:571][612]LogModuleManager: Shutting down and abandoning module SizeMap (168)
[2016.03.19-06.23.03:571][612]LogModuleManager: Shutting down and abandoning module TreeMap (167)
[2016.03.19-06.23.03:571][612]LogModuleManager: Shutting down and abandoning module ReferenceViewer (166)
[2016.03.19-06.23.03:571][612]LogModuleManager: Shutting down and abandoning module LocalizationService (165)
[2016.03.19-06.23.03:571][612]LogModuleManager: Shutting down and abandoning module LocalizationDashboard (164)
[2016.03.19-06.23.03:571][612]LogModuleManager: Shutting down and abandoning module HardwareTargeting (163)
[2016.03.19-06.23.03:571][612]LogModuleManager: Shutting down and abandoning module DeviceProfileEditor (162)
[2016.03.19-06.23.03:571][612]LogModuleManager: Shutting down and abandoning module UndoHistory (161)
[2016.03.19-06.23.03:571][612]LogModuleManager: Shutting down and abandoning module GameplayTagsEditor (160)
[2016.03.19-06.23.03:571][612]LogModuleManager: Shutting down and abandoning module UserFeedback (159)
[2016.03.19-06.23.03:571][612]LogModuleManager: Shutting down and abandoning module XmlParser (158)
[2016.03.19-06.23.03:571][612]LogModuleManager: Shutting down and abandoning module Blutility (157)
[2016.03.19-06.23.03:571][612]LogModuleManager: Shutting down and abandoning module ProjectTargetPlatformEditor (156)
[2016.03.19-06.23.03:571][612]LogModuleManager: Shutting down and abandoning module ProjectSettingsViewer (155)
[2016.03.19-06.23.03:571][612]LogModuleManager: Shutting down and abandoning module InputBindingEditor (154)
[2016.03.19-06.23.03:572][612]LogModuleManager: Shutting down and abandoning module EditorSettingsViewer (153)
[2016.03.19-06.23.03:572][612]LogModuleManager: Shutting down and abandoning module SettingsEditor (152)
[2016.03.19-06.23.03:572][612]LogModuleManager: Shutting down and abandoning module ProjectLauncher (151)
[2016.03.19-06.23.03:572][612]LogModuleManager: Shutting down and abandoning module SessionFrontend (150)
[2016.03.19-06.23.03:572][612]LogModuleManager: Shutting down and abandoning module ProfilerClient (149)
[2016.03.19-06.23.03:572][612]LogModuleManager: Shutting down and abandoning module TargetDeviceServices (148)
[2016.03.19-06.23.03:572][612]LogModuleManager: Shutting down and abandoning module DeviceManager (147)
[2016.03.19-06.23.03:572][612]LogModuleManager: Shutting down and abandoning module AutomationController (146)
[2016.03.19-06.23.03:572][612]LogModuleManager: Shutting down and abandoning module AutomationWindow (145)
[2016.03.19-06.23.03:572][612]LogModuleManager: Shutting down and abandoning module Layers (144)
[2016.03.19-06.23.03:572][612]LogModuleManager: Shutting down and abandoning module ComponentVisualizers (143)
[2016.03.19-06.23.03:572][612]LogModuleManager: Shutting down and abandoning module DetailCustomizations (142)
[2016.03.19-06.23.03:572][612]LogModuleManager: Shutting down and abandoning module PackagesDialog (141)
[2016.03.19-06.23.03:572][612]LogModuleManager: Shutting down and abandoning module Persona (140)
[2016.03.19-06.23.03:572][612]LogModuleManager: Shutting down and abandoning module Kismet (139)
[2016.03.19-06.23.03:572][612]LogModuleManager: Shutting down and abandoning module GraphEditor (138)
[2016.03.19-06.23.03:572][612]LogModuleManager: Shutting down and abandoning module ClassViewer (137)
[2016.03.19-06.23.03:572][612]LogModuleManager: Shutting down and abandoning module Toolbox (136)
[2016.03.19-06.23.03:572][612]LogModuleManager: Shutting down and abandoning module ModuleUI (135)
[2016.03.19-06.23.03:572][612]LogModuleManager: Shutting down and abandoning module MovieSceneTools (134)
[2016.03.19-06.23.03:572][612]LogModuleManager: Shutting down and abandoning module OutputLog (133)
[2016.03.19-06.23.03:572][612]LogModuleManager: Shutting down and abandoning module GammaUI (132)
[2016.03.19-06.23.03:573][612]LogModuleManager: Shutting down and abandoning module Documentation (131)
[2016.03.19-06.23.03:573][612]LogModuleManager: Shutting down and abandoning module GameLiveStreaming (130)
[2016.03.19-06.23.03:573][612]LogModuleManager: Shutting down and abandoning module StreamingPauseRendering (129)
[2016.03.19-06.23.03:573][612]LogModuleManager: Shutting down and abandoning module AnalyticsET (128)
[2016.03.19-06.23.03:573][612]LogModuleManager: Shutting down and abandoning module Analytics (127)
[2016.03.19-06.23.03:573][612]LogModuleManager: Shutting down and abandoning module AITestSuite (126)
[2016.03.19-06.23.03:573][612]LogModuleManager: Shutting down and abandoning module GameplayDebugger (125)
[2016.03.19-06.23.03:573][612]LogModuleManager: Shutting down and abandoning module AIModule (124)
[2016.03.19-06.23.03:573][612]LogModuleManager: Shutting down and abandoning module ProfilerService (123)
[2016.03.19-06.23.03:599][612]LogModuleManager: Shutting down and abandoning module TaskGraph (122)
[2016.03.19-06.23.03:599][612]LogModuleManager: Shutting down and abandoning module SlateRemote (121)
[2016.03.19-06.23.03:599][612]LogModuleManager: Shutting down and abandoning module SteamVRController (120)
[2016.03.19-06.23.03:599][612]LogModuleManager: Shutting down and abandoning module SteamVR (119)
[2016.03.19-06.23.03:599][612]LogModuleManager: Shutting down and abandoning module ProceduralMeshComponent (118)
[2016.03.19-06.23.03:599][612]LogModuleManager: Shutting down and abandoning module OculusLibrary (117)
[2016.03.19-06.23.03:599][612]LogModuleManager: Shutting down and abandoning module OculusInput (116)
[2016.03.19-06.23.03:599][612]LogModuleManager: Shutting down and abandoning module LeapMotionController (115)
[2016.03.19-06.23.03:606][612]LogModuleManager: Shutting down and abandoning module CustomMeshComponent (114)
[2016.03.19-06.23.03:606][612]LogModuleManager: Shutting down and abandoning module CableComponent (113)
[2016.03.19-06.23.03:606][612]LogModuleManager: Shutting down and abandoning module ArchVisCharacter (112)
[2016.03.19-06.23.03:606][612]LogModuleManager: Shutting down and abandoning module MessagingDebugger (111)
[2016.03.19-06.23.03:606][612]LogModuleManager: Shutting down and abandoning module MediaPlayerEditor (110)
[2016.03.19-06.23.03:606][612]LogModuleManager: Shutting down and abandoning module HTML5Networking (109)
[2016.03.19-06.23.03:606][612]LogModuleManager: Shutting down and abandoning module SpeedTreeImporter (108)
[2016.03.19-06.23.03:606][612]LogModuleManager: Shutting down and abandoning module PluginBrowser (107)
[2016.03.19-06.23.03:607][612]LogModuleManager: Shutting down and abandoning module EpicSurvey (106)
[2016.03.19-06.23.03:607][612]LogModuleManager: Shutting down and abandoning module DesktopPlatform (105)
[2016.03.19-06.23.03:607][612]LogModuleManager: Shutting down and abandoning module VisualStudioSourceCodeAccess (104)
[2016.03.19-06.23.03:607][612]LogModuleManager: Shutting down and abandoning module UObjectPlugin (103)
[2016.03.19-06.23.03:607][612]LogModuleManager: Shutting down and abandoning module SubversionSourceControl (102)
[2016.03.19-06.23.03:607][612]LogModuleManager: Shutting down and abandoning module PerforceSourceControl (101)
[2016.03.19-06.23.03:607][612]LogModuleManager: Shutting down and abandoning module SourceControl (100)
[2016.03.19-06.23.03:607][612]LogModuleManager: Shutting down and abandoning module GitSourceControl (99)
[2016.03.19-06.23.03:607][612]LogModuleManager: Shutting down and abandoning module LightPropagationVolumeEditor (98)
[2016.03.19-06.23.03:607][612]LogModuleManager: Shutting down and abandoning module PaperTiledImporter (97)
[2016.03.19-06.23.03:607][612]LogModuleManager: Shutting down and abandoning module PaperSpriteSheetImporter (96)
[2016.03.19-06.23.03:607][612]LogModuleManager: Shutting down and abandoning module MeshPaint (95)
[2016.03.19-06.23.03:607][612]LogModuleManager: Shutting down and abandoning module SlateReflector (94)
[2016.03.19-06.23.03:607][612]LogModuleManager: Shutting down and abandoning module HotReload (93)
[2016.03.19-06.23.03:607][612]LogModuleManager: Shutting down and abandoning module MainFrame (92)
[2016.03.19-06.23.03:607][612]LogModuleManager: Shutting down and abandoning module LevelEditor (91)
[2016.03.19-06.23.03:608][612]LogModuleManager: Shutting down and abandoning module DirectoryWatcher (90)
[2016.03.19-06.23.03:608][612]LogModuleManager: Shutting down and abandoning module AssetRegistry (89)
[2016.03.19-06.23.03:647][612]LogModuleManager: Shutting down and abandoning module ContentBrowser (88)
[2016.03.19-06.23.03:647][612]LogModuleManager: Shutting down and abandoning module Paper2DEditor (87)
[2016.03.19-06.23.03:648][612]LogModuleManager: Shutting down and abandoning module UdpMessaging (86)
[2016.03.19-06.23.03:748][612]LogModuleManager: Shutting down and abandoning module LightPropagationVolumeRuntime (85)
[2016.03.19-06.23.03:748][612]LogModuleManager: Shutting down and abandoning module Paper2D (84)
[2016.03.19-06.23.03:748][612]LogModuleManager: Shutting down and abandoning module WindowsMoviePlayer (83)
[2016.03.19-06.23.03:752][612]LogModuleManager: Shutting down and abandoning module Media (82)
[2016.03.19-06.23.03:752][612]LogModuleManager: Shutting down and abandoning module WmfMedia (81)
[2016.03.19-06.23.03:752][612]LogModuleManager: Shutting down and abandoning module OnlineBlueprintSupport (80)
[2016.03.19-06.23.03:752][612]LogModuleManager: Shutting down and abandoning module GameplayTasksEditor (79)
[2016.03.19-06.23.03:752][612]LogModuleManager: Shutting down and abandoning module PropertyEditor (78)
[2016.03.19-06.23.03:752][612]LogModuleManager: Shutting down and abandoning module BehaviorTreeEditor (77)
[2016.03.19-06.23.03:752][612]LogModuleManager: Shutting down and abandoning module FunctionalTesting (76)
[2016.03.19-06.23.03:752][612]LogModuleManager: Shutting down and abandoning module CollisionAnalyzer (75)
[2016.03.19-06.23.03:752][612]LogModuleManager: Shutting down and abandoning module WorkspaceMenuStructure (74)
[2016.03.19-06.23.03:752][612]LogModuleManager: Shutting down and abandoning module MessageLog (73)
[2016.03.19-06.23.03:752][612]LogModuleManager: Shutting down and abandoning module Sequencer (72)
[2016.03.19-06.23.03:752][612]LogModuleManager: Shutting down and abandoning module AssetTools (71)
[2016.03.19-06.23.03:752][612]LogModuleManager: Shutting down and abandoning module UMGEditor (70)
[2016.03.19-06.23.03:752][612]LogModuleManager: Shutting down and abandoning module UMG (69)
[2016.03.19-06.23.03:752][612]LogModuleManager: Shutting down and abandoning module Slate (68)
[2016.03.19-06.23.03:752][612]LogModuleManager: Shutting down and abandoning module EditorStyle (67)
[2016.03.19-06.23.03:755][612]LogModuleManager: Shutting down and abandoning module SessionServices (66)
[2016.03.19-06.23.03:755][612]LogModuleManager: Shutting down and abandoning module SourceCodeAccess (65)
[2016.03.19-06.23.03:755][612]LogModuleManager: Shutting down and abandoning module HeadMountedDisplay (64)
[2016.03.19-06.23.03:755][612]LogModuleManager: Shutting down and abandoning module XAudio2 (63)
[2016.03.19-06.23.03:755][612]LogModuleManager: Shutting down and abandoning module Networking (61)
[2016.03.19-06.23.03:755][612]LogModuleManager: Shutting down and abandoning module Core (60)
[2016.03.19-06.23.03:755][612]LogModuleManager: Shutting down and abandoning module KismetCompiler (59)
[2016.03.19-06.23.03:755][612]LogModuleManager: Shutting down and abandoning module PhysXFormats (58)
[2016.03.19-06.23.03:755][612]LogModuleManager: Shutting down and abandoning module MeshUtilities (57)
[2016.03.19-06.23.03:755][612]LogModuleManager: Shutting down and abandoning module DerivedDataCache (56)
[2016.03.19-06.23.03:772][612]LogDerivedDataCache: Shutdown
[2016.03.19-06.23.03:772][612]LogModuleManager: Shutting down and abandoning module ShaderFormatOpenGL (55)
[2016.03.19-06.23.03:772][612]LogModuleManager: Shutting down and abandoning module ShaderFormatD3D (54)
[2016.03.19-06.23.03:772][612]LogModuleManager: Shutting down and abandoning module MetalShaderFormat (53)
[2016.03.19-06.23.03:772][612]LogModuleManager: Shutting down and abandoning module TextureFormatUncompressed (52)
[2016.03.19-06.23.03:772][612]LogModuleManager: Shutting down and abandoning module TextureFormatPVR (51)
[2016.03.19-06.23.03:772][612]LogModuleManager: Shutting down and abandoning module TextureFormatIntelISPCTexComp (50)
[2016.03.19-06.23.03:772][612]LogModuleManager: Shutting down and abandoning module TextureFormatDXT (49)
[2016.03.19-06.23.03:772][612]LogModuleManager: Shutting down and abandoning module ImageWrapper (48)
[2016.03.19-06.23.03:772][612]LogModuleManager: Shutting down and abandoning module TextureFormatASTC (47)
[2016.03.19-06.23.03:772][612]LogModuleManager: Shutting down and abandoning module TextureFormatAndroid (46)
[2016.03.19-06.23.03:772][612]LogModuleManager: Shutting down and abandoning module AudioFormatOpus (45)
[2016.03.19-06.23.03:772][612]LogModuleManager: Shutting down and abandoning module AudioFormatOgg (44)
[2016.03.19-06.23.03:772][612]LogModuleManager: Shutting down and abandoning module AudioFormatADPCM (43)
[2016.03.19-06.23.03:772][612]LogModuleManager: Shutting down and abandoning module LinuxTargetPlatform (42)
[2016.03.19-06.23.03:772][612]LogModuleManager: Shutting down and abandoning module LinuxServerTargetPlatform (41)
[2016.03.19-06.23.03:772][612]LogModuleManager: Shutting down and abandoning module LinuxNoEditorTargetPlatform (40)
[2016.03.19-06.23.03:772][612]LogModuleManager: Shutting down and abandoning module Messaging (39)
[2016.03.19-06.23.03:772][612]LogModuleManager: Shutting down and abandoning module IOSTargetPlatform (38)
[2016.03.19-06.23.03:772][612]LogModuleManager: Shutting down and abandoning module HTML5TargetPlatform (37)
[2016.03.19-06.23.03:772][612]LogModuleManager: Shutting down and abandoning module Android_PVRTCTargetPlatform (36)
[2016.03.19-06.23.03:772][612]LogModuleManager: Shutting down and abandoning module Android_MultiTargetPlatform (35)
[2016.03.19-06.23.03:772][612]LogModuleManager: Shutting down and abandoning module Android_ETC2TargetPlatform (34)
[2016.03.19-06.23.03:772][612]LogModuleManager: Shutting down and abandoning module Android_ETC1TargetPlatform (33)
[2016.03.19-06.23.03:772][612]LogModuleManager: Shutting down and abandoning module Android_DXTTargetPlatform (32)
[2016.03.19-06.23.03:772][612]LogModuleManager: Shutting down and abandoning module Android_ATCTargetPlatform (31)
[2016.03.19-06.23.03:772][612]LogModuleManager: Shutting down and abandoning module Android_ASTCTargetPlatform (30)
[2016.03.19-06.23.03:772][612]LogModuleManager: Shutting down and abandoning module AndroidTargetPlatform (29)
[2016.03.19-06.23.03:772][612]LogModuleManager: Shutting down and abandoning module WindowsTargetPlatform (28)
[2016.03.19-06.23.03:772][612]LogModuleManager: Shutting down and abandoning module WindowsServerTargetPlatform (27)
[2016.03.19-06.23.03:772][612]LogModuleManager: Shutting down and abandoning module WindowsNoEditorTargetPlat