[2016.03.30-16.52.59:356][  0]Log file open, 03/30/16 13:52:59
[2016.03.30-16.52.59:356][  0]LogInit:Display: Running engine for game: LoseOrDie
[2016.03.30-16.52.59:356][  0]LogPlatformFile: Not using cached read wrapper
[2016.03.30-16.52.59:356][  0]LogInit:Display: RandInit(-813117735) SRandInit(-813117734).
[2016.03.30-16.52.59:356][  0]LogTaskGraph: Started task graph with 4 named threads and 7 total threads.
[2016.03.30-16.52.59:356][  0]LogStats: Stats thread started at 0.083269
[2016.03.30-16.52.59:356][  0]LogInit: Version: 4.10.4-2872498+++depot+UE4-Releases+4.10
[2016.03.30-16.52.59:356][  0]LogInit: API Version: 2758231
[2016.03.30-16.52.59:356][  0]LogInit: Compiled (64-bit): Feb 18 2016 15:47:04
[2016.03.30-16.52.59:356][  0]LogInit: Compiled with Visual C++: 19.00.23026.00
[2016.03.30-16.52.59:356][  0]LogInit: Build Configuration: Development
[2016.03.30-16.52.59:356][  0]LogInit: Branch Name: ++depot+UE4-Releases+4.10
[2016.03.30-16.52.59:356][  0]LogInit: Command line:  
[2016.03.30-16.52.59:356][  0]LogInit: Base directory: C:/Gabriel/Programs/Unreal4/Epic Games/4.10/Engine/Binaries/Win64/
[2016.03.30-16.52.59:356][  0]LogInit: Rocket: 1
[2016.03.30-16.52.59:368][  0]LogInit: Using libcurl 7.41.0
[2016.03.30-16.52.59:368][  0]LogInit:  - built for x86_64-pc-win32
[2016.03.30-16.52.59:368][  0]LogInit:  - supports SSL with WinSSL
[2016.03.30-16.52.59:368][  0]LogInit:  - other features:
[2016.03.30-16.52.59:368][  0]LogInit:      CURL_VERSION_SSL
[2016.03.30-16.52.59:368][  0]LogInit:      CURL_VERSION_IPV6
[2016.03.30-16.52.59:368][  0]LogInit:      CURL_VERSION_ASYNCHDNS
[2016.03.30-16.52.59:368][  0]LogInit:      CURL_VERSION_LARGEFILE
[2016.03.30-16.52.59:368][  0]LogInit:      CURL_VERSION_IDN
[2016.03.30-16.52.59:368][  0]LogInit:  CurlRequestOptions (configurable via config and command line):
[2016.03.30-16.52.59:368][  0]LogInit:  - bVerifyPeer = true  - Libcurl will verify peer certificate
[2016.03.30-16.52.59:368][  0]LogInit:  - bUseHttpProxy = false  - Libcurl will NOT use HTTP proxy
[2016.03.30-16.52.59:368][  0]LogInit:  - bDontReuseConnections = false  - Libcurl will reuse connections
[2016.03.30-16.52.59:368][  0]LogInit:  - CertBundlePath = nullptr  - Libcurl will use whatever was configured at build time.
[2016.03.30-16.52.59:387][  0]LogModuleManager:Warning: ModuleManager: Unable to load module 'OnlineSubsystemLAN' because the file 'C:/Gabriel/Programs/Unreal4/Epic Games/4.10/Engine/Binaries/Win64/' was not found.
[2016.03.30-16.52.59:406][  0]LogInit: WinSock: version 1.1 (2.2), MaxSocks=32767, MaxUdp=65467
[2016.03.30-16.52.59:413][  0]LogVoice:Warning: Failed to initialize voice interface
[2016.03.30-16.52.59:417][  0]LogInit: Presizing for 0 objects not considered by GC, pre-allocating 0 bytes.
[2016.03.30-16.52.59:423][  0]LogInit: Object subsystem initialized
[2016.03.30-16.52.59:423][  0]LogInit: Selected Device Profile: [Windows]
[2016.03.30-16.52.59:423][  0]LogInit: Applying CVar settings loaded from the selected device profile: [Windows]
[2016.03.30-16.52.59:431][  0]LogInit: Computer: HP
[2016.03.30-16.52.59:431][  0]LogInit: User: SAA
[2016.03.30-16.52.59:431][  0]LogInit: CPU Page size=4096, Cores=4
[2016.03.30-16.52.59:431][  0]LogInit: High frequency timer resolution =2.435781 MHz
[2016.03.30-16.52.59:431][  0]LogMemory: Memory total: Physical=15.9GB (16GB approx)
[2016.03.30-16.52.59:431][  0]LogMemory: Platform Memory Stats for Windows
[2016.03.30-16.52.59:431][  0]LogMemory: Process Physical Memory: 57.43 MB used, 57.43 MB peak
[2016.03.30-16.52.59:431][  0]LogMemory: Process Virtual Memory: 57.00 MB used, 57.00 MB peak
[2016.03.30-16.52.59:431][  0]LogMemory: Physical Memory: 5653.14 MB used, 16316.02 MB total
[2016.03.30-16.52.59:431][  0]LogMemory: Virtual Memory: 370.55 MB used, 134217728.00 MB total
[2016.03.30-16.52.59:476][  0]LogTextLocalizationManager: No specific translations for ('en-CA') exist, so ('en') translations will be used.
[2016.03.30-16.52.59:853][  0]LogD3D11RHI: Found D3D11 adapter 0: NVIDIA GeForce 840M    (Feature Level 11_0)
[2016.03.30-16.52.59:853][  0]LogD3D11RHI: Adapter has 1995MB of dedicated video memory, 0MB of dedicated system memory, and 8158MB of shared system memory, 1 output[s]
[2016.03.30-16.52.59:858][  0]LogD3D11RHI: Found D3D11 adapter 1: Intel(R) HD Graphics 4600 (Feature Level 11_0)
[2016.03.30-16.52.59:858][  0]LogD3D11RHI: Adapter has 112MB of dedicated video memory, 0MB of dedicated system memory, and 8158MB of shared system memory, 0 output[s]
[2016.03.30-16.52.59:860][  0]LogD3D11RHI: Found D3D11 adapter 2: Microsoft Basic Render Driver (Feature Level 11_0)
[2016.03.30-16.52.59:860][  0]LogD3D11RHI: Adapter has 0MB of dedicated video memory, 0MB of dedicated system memory, and 8158MB of shared system memory, 0 output[s]
[2016.03.30-16.52.59:861][  0]LogD3D11RHI: Chosen D3D11 Adapter Id = 0
[2016.03.30-16.52.59:868][  0]LogD3D11RHI: !Direct3DDevice
[2016.03.30-16.52.59:868][  0]LogRHI: Texture pool is 1361 MB (70% of 1945 MB)
[2016.03.30-16.52.59:884][  0]LogD3D11RHI: Async texture creation enabled
[2016.03.30-16.52.59:901][  0]LogShaderCompilers: Guid format shader working directory is -26 characters bigger than the processId version (../../../../../../../../Users/SAA/Documents/Unreal Projects/LoseOrDIE/Intermediate/Shaders/WorkingDirectory/21584/).
[2016.03.30-16.52.59:901][  0]LogShaderCompilers: Cleaned the shader compiler working directory 'C:/Users/SAA/AppData/Local/Temp/UnrealShaderWorkingDir/1234D78A483F1121B48F15A03152778F/'.
[2016.03.30-16.52.59:901][  0]LogShaderCompilers:Display: Using Local Shader Compiler.
[2016.03.30-16.53.02:340][  0]LogTemp:Display: Loaded TP AllDesktopTargetPlatform
[2016.03.30-16.53.02:347][  0]LogTemp:Display: Loaded TP WindowsClientTargetPlatform
[2016.03.30-16.53.02:353][  0]LogTemp:Display: Loaded TP WindowsNoEditorTargetPlatform
[2016.03.30-16.53.02:359][  0]LogTemp:Display: Loaded TP WindowsServerTargetPlatform
[2016.03.30-16.53.02:365][  0]LogTemp:Display: Loaded TP WindowsTargetPlatform
[2016.03.30-16.53.02:369][  0]LogTemp:Display: Loaded TP AndroidTargetPlatform
[2016.03.30-16.53.02:372][  0]LogTemp:Display: Loaded TP Android_ASTCTargetPlatform
[2016.03.30-16.53.02:376][  0]LogTemp:Display: Loaded TP Android_ATCTargetPlatform
[2016.03.30-16.53.02:380][  0]LogTemp:Display: Loaded TP Android_DXTTargetPlatform
[2016.03.30-16.53.02:384][  0]LogTemp:Display: Loaded TP Android_ETC1TargetPlatform
[2016.03.30-16.53.02:387][  0]LogTemp:Display: Loaded TP Android_ETC2TargetPlatform
[2016.03.30-16.53.02:395][  0]LogTemp:Display: Loaded TP Android_MultiTargetPlatform
[2016.03.30-16.53.02:395][  0]LogTemp:Display: Loaded TP Android_PVRTCTargetPlatform
[2016.03.30-16.53.02:396][  0]LogTemp:Display: Loaded TP HTML5TargetPlatform
[2016.03.30-16.53.02:414][  0]LogTemp:Display: Loaded TP IOSTargetPlatform
[2016.03.30-16.53.02:418][  0]LogTemp:Display: Loaded TP LinuxNoEditorTargetPlatform
[2016.03.30-16.53.02:421][  0]LogTemp:Display: Loaded TP LinuxServerTargetPlatform
[2016.03.30-16.53.02:424][  0]LogTemp:Display: Loaded TP LinuxTargetPlatform
[2016.03.30-16.53.02:424][  0]LogTargetPlatformManager:Display: Building Assets For Windows
[2016.03.30-16.53.02:548][  0]LogDerivedDataCache:Display: Max Cache Size: 512 MB
[2016.03.30-16.53.02:591][  0]LogDerivedDataCache: Loaded boot cache 0.04s 41MB C:/Users/SAA/AppData/Local/UnrealEngine/4.10/DerivedDataCache/Boot.ddc.
[2016.03.30-16.53.02:591][  0]LogDerivedDataCache:Display: Loaded Boot cache: C:/Users/SAA/AppData/Local/UnrealEngine/4.10/DerivedDataCache/Boot.ddc
[2016.03.30-16.53.02:591][  0]LogDerivedDataCache: FDerivedDataBackendGraph:  Pak pak cache file ../../../../../../../../Users/SAA/Documents/Unreal Projects/LoseOrDIE/DerivedDataCache/DDC.ddp not found, will not use a pak cache.
[2016.03.30-16.53.02:591][  0]LogDerivedDataCache: Unable to find inner node Pak for hierarchical cache Hierarchy.
[2016.03.30-16.53.02:591][  0]LogDerivedDataCache: FDerivedDataBackendGraph:  CompressedPak pak cache file ../../../../../../../../Users/SAA/Documents/Unreal Projects/LoseOrD