[2016.03.23-07.55.14:368][  0]Log file open, 03/23/16 04:55:14
[2016.03.23-07.55.14:368][  0]LogInit:Display: Running engine for game: LoseOrDie
[2016.03.23-07.55.14:368][  0]LogPlatformFile: Not using cached read wrapper
[2016.03.23-07.55.14:368][  0]LogInit:Display: RandInit(-742422195) SRandInit(-742422193).
[2016.03.23-07.55.14:368][  0]LogTaskGraph: Started task graph with 4 named threads and 7 total threads.
[2016.03.23-07.55.14:368][  0]LogStats: Stats thread started at 0.121820
[2016.03.23-07.55.14:368][  0]LogInit: Version: 4.10.4-2872498+++depot+UE4-Releases+4.10
[2016.03.23-07.55.14:368][  0]LogInit: API Version: 2758231
[2016.03.23-07.55.14:368][  0]LogInit: Compiled (64-bit): Feb 18 2016 15:47:04
[2016.03.23-07.55.14:368][  0]LogInit: Compiled with Visual C++: 19.00.23026.00
[2016.03.23-07.55.14:368][  0]LogInit: Build Configuration: Development
[2016.03.23-07.55.14:368][  0]LogInit: Branch Name: ++depot+UE4-Releases+4.10
[2016.03.23-07.55.14:368][  0]LogInit: Command line:  
[2016.03.23-07.55.14:368][  0]LogInit: Base directory: C:/Gabriel/Programs/Unreal4/Epic Games/4.10/Engine/Binaries/Win64/
[2016.03.23-07.55.14:368][  0]LogInit: Rocket: 1
[2016.03.23-07.55.14:621][  0]LogInit: Using libcurl 7.41.0
[2016.03.23-07.55.14:621][  0]LogInit:  - built for x86_64-pc-win32
[2016.03.23-07.55.14:621][  0]LogInit:  - supports SSL with WinSSL
[2016.03.23-07.55.14:621][  0]LogInit:  - other features:
[2016.03.23-07.55.14:621][  0]LogInit:      CURL_VERSION_SSL
[2016.03.23-07.55.14:621][  0]LogInit:      CURL_VERSION_IPV6
[2016.03.23-07.55.14:621][  0]LogInit:      CURL_VERSION_ASYNCHDNS
[2016.03.23-07.55.14:621][  0]LogInit:      CURL_VERSION_LARGEFILE
[2016.03.23-07.55.14:621][  0]LogInit:      CURL_VERSION_IDN
[2016.03.23-07.55.14:621][  0]LogInit:  CurlRequestOptions (configurable via config and command line):
[2016.03.23-07.55.14:621][  0]LogInit:  - bVerifyPeer = true  - Libcurl will verify peer certificate
[2016.03.23-07.55.14:621][  0]LogInit:  - bUseHttpProxy = false  - Libcurl will NOT use HTTP proxy
[2016.03.23-07.55.14:621][  0]LogInit:  - bDontReuseConnections = false  - Libcurl will reuse connections
[2016.03.23-07.55.14:621][  0]LogInit:  - CertBundlePath = nullptr  - Libcurl will use whatever was configured at build time.
[2016.03.23-07.55.14:961][  0]LogInit: Presizing for 0 objects not considered by GC, pre-allocating 0 bytes.
[2016.03.23-07.55.14:967][  0]LogInit: Object subsystem initialized
[2016.03.23-07.55.14:968][  0]LogInit: Selected Device Profile: [Windows]
[2016.03.23-07.55.14:968][  0]LogInit: Applying CVar settings loaded from the selected device profile: [Windows]
[2016.03.23-07.55.14:976][  0]LogInit: Computer: HP
[2016.03.23-07.55.14:976][  0]LogInit: User: SAA
[2016.03.23-07.55.14:976][  0]LogInit: CPU Page size=4096, Cores=4
[2016.03.23-07.55.14:976][  0]LogInit: High frequency timer resolution =2.435777 MHz
[2016.03.23-07.55.14:976][  0]LogMemory: Memory total: Physical=15.9GB (16GB approx)
[2016.03.23-07.55.14:976][  0]LogMemory: Platform Memory Stats for Windows
[2016.03.23-07.55.14:976][  0]LogMemory: Process Physical Memory: 56.10 MB used, 56.10 MB peak
[2016.03.23-07.55.14:976][  0]LogMemory: Process Virtual Memory: 56.77 MB used, 56.77 MB peak
[2016.03.23-07.55.14:976][  0]LogMemory: Physical Memory: 9109.94 MB used, 16316.02 MB total
[2016.03.23-07.55.14:976][  0]LogMemory: Virtual Memory: 382.59 MB used, 134217728.00 MB total
[2016.03.23-07.55.16:042][  0]LogTextLocalizationManager: No specific translations for ('en-CA') exist, so ('en') translations will be used.
[2016.03.23-07.55.16:484][  0]LogD3D11RHI: Found D3D11 adapter 0: NVIDIA GeForce 840M    (Feature Level 11_0)
[2016.03.23-07.55.16:484][  0]LogD3D11RHI: Adapter has 1995MB of dedicated video memory, 0MB of dedicated system memory, and 8158MB of shared system memory, 1 output[s]
[2016.03.23-07.55.17:373][  0]LogD3D11RHI: Found D3D11 adapter 1: Intel(R) HD Graphics 4600 (Feature Level 11_0)
[2016.03.23-07.55.17:373][  0]LogD3D11RHI: Adapter has 112MB of dedicated video memory, 0MB of dedicated system memory, and 8158MB of shared system memory, 0 output[s]
[2016.03.23-07.55.17:375][  0]LogD3D11RHI: Found D3D11 adapter 2: Microsoft Basic Render Driver (Feature Level 11_0)
[2016.03.23-07.55.17:375][  0]LogD3D11RHI: Adapter has 0MB of dedicated video memory, 0MB of dedicated system memory, and 8158MB of shared system memory, 0 output[s]
[2016.03.23-07.55.17:375][  0]LogD3D11RHI: Chosen D3D11 Adapter Id = 0
[2016.03.23-07.55.17:383][  0]LogD3D11RHI: !Direct3DDevice
[2016.03.23-07.55.17:383][  0]LogRHI: Texture pool is 1361 MB (70% of 1945 MB)
[2016.03.23-07.55.17:397][  0]LogD3D11RHI: Async texture creation enabled
[2016.03.23-07.55.17:414][  0]LogShaderCompilers: Guid format shader working directory is -25 characters bigger than the processId version (../../../../../../../../Users/SAA/Documents/Unreal Projects/LoseOrDIE/Intermediate/Shaders/WorkingDirectory/7772/).
[2016.03.23-07.55.17:414][  0]LogShaderCompilers: Cleaned the shader compiler working directory 'C:/Users/SAA/AppData/Local/Temp/UnrealShaderWorkingDir/2EA75E7646D196669995A380FA6416F5/'.
[2016.03.23-07.55.17:414][  0]LogShaderCompilers:Display: Using Local Shader Compiler.
[2016.03.23-07.55.20:572][  0]LogTemp:Display: Loaded TP AllDesktopTargetPlatform
[2016.03.23-07.55.20:592][  0]LogTemp:Display: Loaded TP WindowsClientTargetPlatform
[2016.03.23-07.55.20:611][  0]LogTemp:Display: Loaded TP WindowsNoEditorTargetPlatform
[2016.03.23-07.55.20:632][  0]LogTemp:Display: Loaded TP WindowsServerTargetPlatform
[2016.03.23-07.55.20:659][  0]LogTemp:Display: Loaded TP WindowsTargetPlatform
[2016.03.23-07.55.20:682][  0]LogTemp:Display: Loaded TP AndroidTargetPlatform
[2016.03.23-07.55.20:699][  0]LogTemp:Display: Loaded TP Android_ASTCTargetPlatform
[2016.03.23-07.55.20:725][  0]LogTemp:Display: Loaded TP Android_ATCTargetPlatform
[2016.03.23-07.55.20:745][  0]LogTemp:Display: Loaded TP Android_DXTTargetPlatform
[2016.03.23-07.55.20:757][  0]LogTemp:Display: Loaded TP Android_ETC1TargetPlatform
[2016.03.23-07.55.20:782][  0]LogTemp:Display: Loaded TP Android_ETC2TargetPlatform
[2016.03.23-07.55.20:817][  0]LogTemp:Display: Loaded TP Android_MultiTargetPlatform
[2016.03.23-07.55.20:817][  0]LogTemp:Display: Loaded TP Android_PVRTCTargetPlatform
[2016.03.23-07.55.20:842][  0]LogTemp:Display: Loaded TP HTML5TargetPlatform
[2016.03.23-07.55.20:925][  0]LogTemp:Display: Loaded TP IOSTargetPlatform
[2016.03.23-07.55.20:941][  0]LogTemp:Display: Loaded TP LinuxNoEditorTargetPlatform
[2016.03.23-07.55.20:966][  0]LogTemp:Display: Loaded TP LinuxServerTargetPlatform
[2016.03.23-07.55.20:985][  0]LogTemp:Display: Loaded TP LinuxTargetPlatform
[2016.03.23-07.55.20:985][  0]LogTargetPlatformManager:Display: Building Assets For Windows
[2016.03.23-07.55.21:702][  0]LogDerivedDataCache:Display: Max Cache Size: 512 MB
[2016.03.23-07.55.21:742][  0]LogDerivedDataCache: Loaded boot cache 0.04s 41MB C:/Users/SAA/AppData/Local/UnrealEngine/4.10/DerivedDataCache/Boot.ddc.
[2016.03.23-07.55.21:742][  0]LogDerivedDataCache:Display: Loaded Boot cache: C:/Users/SAA/AppData/Local/UnrealEngine/4.10/DerivedDataCache/Boot.ddc
[2016.03.23-07.55.21:742][  0]LogDerivedDataCache: FDerivedDataBackendGraph:  Pak pak cache file ../../../../../../../../Users/SAA/Documents/Unreal Projects/LoseOrDIE/DerivedDataCache/DDC.ddp not found, will not use a pak cache.
[2016.03.23-07.55.21:742][  0]LogDerivedDataCache: Unable to find inner node Pak for hierarchical cache Hierarchy.
[2016.03.23-07.55.21:743][  0]LogDerivedDataCache: FDerivedDataBackendGraph:  CompressedPak pak cache file ../../../../../../../../Users/SAA/Documents/Unreal Projects/LoseOrDIE/DerivedDataCache/Compressed.ddp not found, will not use a pak cache.
[2016.03.23-07.55.21:743][  0]LogDerivedDataCache: Unable to find inner node CompressedPak for hierarchical cache Hierarchy.
[2016.03.23-07.55.21:799][  0]LogDerivedDataCache:Display: Pak cache opened for reading ../../../Engine/DerivedDataCache/Compressed.ddp.
[2016.03.23-07.55.21:811][  0]LogDerivedDataCache: Using Local data cache path C:/Users/SAA/AppData/Local/UnrealEngine/Common/DerivedDataCache: Writable
[2016.03.23-07.55.22:025][  0]LogInit: Selected Device Profile: [Windows]
[2016.03.23-07.55.22:028][  0]LogContentStreaming: Texture pool size is 0.000000MB
[2016.03.23-07.55.22:243][  0]LogMeshUtilities: No automatic mesh reduction module available
[2016.03.23-07.55.22:243][  0]LogMeshUtilities: No automatic mesh merging module available
[2016.03.23-07.55.22:549][  0]LogInit: WinSock: version 1.1 (2.2), MaxSocks=32767, MaxUdp=65467
[2016.03.23-07.55.25:492][  0]UdpMessaging: Initializing bridge on interface 0.0.0.0:0 to multicast group 230.0.0.1:6666.
[2016.03.23-07.55.25:981][  0]LogAssetRegistry: FAssetRegistry took 0.0115 seconds to start up
[2016.03.23-07.55.27:630][  0]SourceControl: Info Source control is disabled
[2016.03.23-07.55.30:561][  0]SourceControl: Info Source control is disabled
[2016.03.23-07.55.30:646][  0]SourceControl: Info Source control is disabled
[2016.03.23-07.55.30:712][  0]SourceControl: Info Source control is disabled
[2016.03.23-07.55.31:659][  0]LogObj: 28633 objects as part of root set at end of initial load.
[2016.03.23-07.55.31:659][  0]LogUObjectAllocator: 6099752 out of 0 bytes used by permanent object pool.
[2016.03.23-07.55.31:786][  0]LogEngine: Initializing Engine...
[2016.03.23-07.55.31:820][  0]OCULUS: Info: 03/23/16 07:55:31: [CAPI] LibOVR module is located at C:\WINDOWS\SYSTEM32\LibOVRRT64_0_8.dll

[2016.03.23-07.55.31:820][  0]OCULUS: Info: 03/23/16 07:55:31: [IPC] Call Stats for SetInitialState : x1: C2S=36.1281, S2C=4.10547, Runtime=56.6554 (microseconds) C2Ssize=80, S2Csize=81 (bytes)

[2016.03.23-07.55.31:820][  0]OCULUS: Info: 03/23/16 07:55:31: [IPC] Call Stats for IsLatencyTesterAvailable : x1: C2S=18.0641, S2C=2.87383, Runtime=0.821093 (microseconds) C2Ssize=33, S2Csize=18 (bytes)

[2016.03.23-07.55.32:025][  0]LogHMD: SteamVR failed to initialize.  Err: 108
[2016.03.23-07.55.32:166][  0]LogAIModule: Creating AISystem for world NewWorld
[2016.03.23-07.55.32:174][  0]LogInit: XAudio2 using 'Speakers / HP (IDT High Definition Audio CODEC)' : 2 channels at 48 kHz using 16 bits per sample (channel mask 0x3)
[2016.03.23-07.55.32:258][  0]LogInit: FAudioDevice initialized.
[2016.03.23-07.55.32:279][  0]LogDerivedDataCache: Saved boot cache 0.02s 41MB C:/Users/SAA/AppData/Local/UnrealEngine/4.10/DerivedDataCache/Boot.ddc.
[2016.03.23-07.55.32:282][  0]LogInit: Texture streaming: Enabled
[2016.03.23-07.55.32:329][  0]LogAnalytics: Creating configured Analytics provider AnalyticsET
[2016.03.23-07.55.32:329][  0]LogAnalytics: [UEEditor.Rocket.Release] APIServer = http://et2.epicgames.com/ET2/. AppVersion = 4.10.4-2872498+++depot+UE4-Releases+4.10
[2016.03.23-07.55.32:330][  0]LogAnalytics: [UEEditor.Rocket.Release] SetUserId e6e58a904b162431bdc4319006156b95|d87a143c86174d7ea2ead77b8ac6e0d8|a54faa0c-de25-4ef6-94d5-27208093865c
[2016.03.23-07.55.32:330][  0]LogAnalytics: [UEEditor.Rocket.Release] AnalyticsET::StartSession
[2016.03.23-07.55.32:360][  0]LogInit: Transaction tracking system initialized
[2016.03.23-07.55.32:528][  0]BlueprintLog: New page: Editor Load
[2016.03.23-07.55.33:582][  0]LocalizationService: Info Localization service is disabled
[2016.03.23-07.55.34:054][  0]LogConsoleResponse:Display: 
[2016.03.23-07.55.34:221][  0]LogCook:Display: Done creating registry. It took  0.00s.
[2016.03.23-07.55.34:628][  0]LogFileCache: Scanning file cache for directory 'C:/Users/SAA/Documents/Unreal Projects/LoseOrDIE/Content/' took 0.01s
[2016.03.23-07.55.34:628][  0]SourceControl: Info Source control is disabled
[2016.03.23-07.55.34:628][  0]Cmd: MAP LOAD FILE="../../../../../../../../Users/SAA/Documents/Unreal Projects/LoseOrDIE/Content/ThirdPersonBP/Maps/MapaCorrida.umap" TEMPLATE=0 SHOWPROGRESS=1 FEATURELEVEL=3
[2016.03.23-07.55.34:629][  0]LightingResults: New page: Lighting Build
[2016.03.23-07.55.34:633][  0]MapCheck: New page: Map Check
[2016.03.23-07.55.34:633][  0]LightingResults: New page: Lighting Build
[2016.03.23-07.55.34:645][  0]LogParticles: Destroying 0 GPU particle simulations for FXSystem 0x000001B9774F36A0
[2016.03.23-07.55.35:937][  0]LogAIModule: Creating AISystem for world MapaCorrida
[2016.03.23-07.55.35:943][  0]LogEditorServer: Finished looking for orphan Actors (0.000 secs)
[2016.03.23-07.55.35:943][  0]Cmd: MAP CHECKDEP NOCLEARLOG
[2016.03.23-07.55.36:052][  0]MapCheck: Info Map check complete: 0 Error(s), 0 Warning(s), took 108.549ms to complete.
[2016.03.23-07.55.36:052][  0]LogFileHelpers: Loading map 'MapaCorrida' took 1.424
[2016.03.23-07.55.36:186][  0]LogCollectionManager: Loaded 0 collections in 0.003243 seconds
[2016.03.23-07.55.36:227][  0]LogFileCache: Scanning file cache for directory 'C:/Users/SAA/Documents/Unreal Projects/LoseOrDIE/Saved/Collections/' took 0.01s
[2016.03.23-07.55.36:227][  0]LogFileCache: Scanning file cache for directory 'C:/Users/SAA/Documents/Unreal Projects/LoseOrDIE/Content/Developers/SAA/Collections/' took 0.01s
[2016.03.23-07.55.36:227][  0]LogFileCache: Scanning file cache for directory 'C:/Users/SAA/Documents/Unreal Projects/LoseOrDIE/Content/Collections/' took 0.01s
[2016.03.23-07.55.36:227][  0]LogCollectionManager: Rebuilt the GUID cache for 0 collections in 0.000002 seconds
[2016.03.23-07.55.36:235][  0]LogContentBrowser: Native class hierarchy populated in 0.0081 seconds. Added 1893 classes and 338 folders.
[2016.03.23-07.55.36:243][  0]LogContentBrowser: Native class hierarchy updated for 'WidgetCarousel' in 0.0003 seconds. Added 0 classes and 0 folders.
[2016.03.23-07.55.36:358][  0]LogContentBrowser: Native class hierarchy updated for 'AddContentDialog' in 0.0004 seconds. Added 0 classes and 0 folders.
[2016.03.23-07.55.36:431][  0]LogContentBrowser: Native class hierarchy updated for 'SceneOutliner' in 0.0004 seconds. Added 1 classes and 2 folders.
[2016.03.23-07.55.36:507][  0]LogCrashTracker: Crashtracker disabled due to settings.
[2016.03.23-07.55.36:512][  0]LogUObjectGlobals:Warning: Failed to find object 'Class None.'
[2016.03.23-07.55.36:534][  0]LogLoad: Full Startup: 23.16 seconds (BP compile: 0.43 seconds)
[2016.03.23-07.55.36:873][  0]LogOcInput: OculusInput is initialized. Init status 0. Runtime version: 0.8.0.0
[2016.03.23-07.55.36:942][  0]LogContentStreaming: Texture pool size now 1000 MB
[2016.03.23-07.55.37:077][  0]LogRenderer: Reallocating scene render targets to support 1308x596 (Frame:2).
[2016.03.23-07.55.37:206][  1]LogFileCache: Retrieving MD5 hashes for directory 'C:/Users/SAA/Documents/Unreal Projects/LoseOrDIE/Content/' took 0.32s
[2016.03.23-07.55.39:544][  8]LogAssetRegistry: Asset discovery search completed in 13.5743 seconds
[2016.03.23-07.55.39:544][  8]LogCollectionManager: Rebuilt the object cache for 0 collections in 0.000001 seconds (found 0 objects)
[2016.03.23-07.55.39:544][  8]LogCollectionManager: Fixed up redirectors for 0 collections in 0.000016 seconds (updated 0 objects)
[2016.03.23-07.55.50:554][172]LogLinker:Warning: Asset '../../../Engine/Content/ArtTools/RenderToTexture/Macros/RenderToTextureMacros.uasset' has been saved with empty engine version. The asset will be loaded but may be incompatible.
[2016.03.23-07.55.50:912][172]LogContentBrowser: Native class hierarchy updated for 'BlueprintGraph' in 0.0008 seconds. Added 107 classes and 0 folders.
[2016.03.23-07.55.54:158][342]LogRenderer: Reallocating scene render targets to support 1308x692 (Frame:231).
[2016.03.23-07.56.04:700][961]BlueprintLog: New page: Compile Espinhos_BP
[2016.03.23-07.56.04:760][961]LogActorComponent: UnregisterComponent: (/Engine/Transient.CharMoveComp) Not registered. Aborting.
[2016.03.23-07.56.04:760][961]LogActorComponent: UnregisterComponent: (/Engine/Transient.RotatingMovement_GEN_VARIABLE) Not registered. Aborting.
[2016.03.23-07.56.04:760][961]LogActorComponent: UnregisterComponent: (/Engine/Transient.RotatingMovementComponent_0) Not registered. Aborting.
[2016.03.23-07.56.04:760][961]LogActorComponent: UnregisterComponent: (/Engine/Transient.RotatingMovementComponent_1) Not registered. Aborting.
[2016.03.23-07.56.04:837][961]B